Using TensorFlow backend.
WARNING: Logging before flag parsing goes to stderr.
W0922 21:07:35.359751 140045588490048 deprecation_wrapper.py:119] From /home/hlwn009u1/.conda/envs/tmpEnv0/lib/python3.7/site-packages/keras/backend/tensorflow_backend.py:74: The name tf.get_default_graph is deprecated. Please use tf.compat.v1.get_default_graph instead.

W0922 21:07:35.387309 140045588490048 deprecation_wrapper.py:119] From /home/hlwn009u1/.conda/envs/tmpEnv0/lib/python3.7/site-packages/keras/backend/tensorflow_backend.py:517: The name tf.placeholder is deprecated. Please use tf.compat.v1.placeholder instead.

W0922 21:07:35.389645 140045588490048 deprecation_wrapper.py:119] From /home/hlwn009u1/.conda/envs/tmpEnv0/lib/python3.7/site-packages/keras/backend/tensorflow_backend.py:4138: The name tf.random_uniform is deprecated. Please use tf.random.uniform instead.

W0922 21:07:35.410957 140045588490048 deprecation_wrapper.py:119] From /home/hlwn009u1/.conda/envs/tmpEnv0/lib/python3.7/site-packages/keras/backend/tensorflow_backend.py:133: The name tf.placeholder_with_default is deprecated. Please use tf.compat.v1.placeholder_with_default instead.

W0922 21:07:35.419347 140045588490048 deprecation.py:506] From /home/hlwn009u1/.conda/envs/tmpEnv0/lib/python3.7/site-packages/keras/backend/tensorflow_backend.py:3445: calling dropout (from tensorflow.python.ops.nn_ops) with keep_prob is deprecated and will be removed in a future version.
Instructions for updating:
Please use `rate` instead of `keep_prob`. Rate should be set to `rate = 1 - keep_prob`.
W0922 21:07:35.509278 140045588490048 deprecation_wrapper.py:119] From /home/hlwn009u1/.conda/envs/tmpEnv0/lib/python3.7/site-packages/keras/optimizers.py:790: The name tf.train.Optimizer is deprecated. Please use tf.compat.v1.train.Optimizer instead.

W0922 21:07:35.513939 140045588490048 deprecation_wrapper.py:119] From /home/hlwn009u1/.conda/envs/tmpEnv0/lib/python3.7/site-packages/keras/backend/tensorflow_backend.py:3376: The name tf.log is deprecated. Please use tf.math.log instead.

W0922 21:07:35.517815 140045588490048 deprecation.py:323] From /home/hlwn009u1/.conda/envs/tmpEnv0/lib/python3.7/site-packages/tensorflow/python/ops/nn_impl.py:180: add_dispatch_support.<locals>.wrapper (from tensorflow.python.ops.array_ops) is deprecated and will be removed in a future version.
Instructions for updating:
Use tf.where in 2.0, which has the same broadcast rule as np.where
2019-09-22 21:07:36.339626: I tensorflow/core/platform/cpu_feature_guard.cc:145] This TensorFlow binary is optimized with Intel(R) MKL-DNN to use the following CPU instructions in performance critical operations:  SSE4.1 SSE4.2 AVX AVX2 FMA
To enable them in non-MKL-DNN operations, rebuild TensorFlow with the appropriate compiler flags.
2019-09-22 21:07:36.348045: I tensorflow/core/platform/profile_utils/cpu_utils.cc:94] CPU Frequency: 2494415000 Hz
2019-09-22 21:07:36.350583: I tensorflow/compiler/xla/service/service.cc:168] XLA service 0x55d08c9b9870 executing computations on platform Host. Devices:
2019-09-22 21:07:36.350644: I tensorflow/compiler/xla/service/service.cc:175]   StreamExecutor device (0): <undefined>, <undefined>
OMP: Info #154: KMP_AFFINITY: Initial OS proc set respected: 0-23
OMP: Info #213: KMP_AFFINITY: decoding x2APIC ids.
OMP: Info #276: KMP_AFFINITY: Affinity capable, using global cpuid leaf 11 info
OMP: Info #156: KMP_AFFINITY: 24 available OS procs
OMP: Info #157: KMP_AFFINITY: Uniform topology
OMP: Info #191: KMP_AFFINITY: 2 sockets x 12 cores/socket x 1 thread/core (24 total cores)
OMP: Info #215: KMP_AFFINITY: OS proc to physical thread map:
OMP: Info #171: KMP_AFFINITY: OS proc 0 maps to socket 0 core 0 
OMP: Info #171: KMP_AFFINITY: OS proc 1 maps to socket 0 core 1 
OMP: Info #171: KMP_AFFINITY: OS proc 2 maps to socket 0 core 2 
OMP: Info #171: KMP_AFFINITY: OS proc 3 maps to socket 0 core 3 
OMP: Info #171: KMP_AFFINITY: OS proc 4 maps to socket 0 core 4 
OMP: Info #171: KMP_AFFINITY: OS proc 5 maps to socket 0 core 5 
OMP: Info #171: KMP_AFFINITY: OS proc 6 maps to socket 0 core 8 
OMP: Info #171: KMP_AFFINITY: OS proc 7 maps to socket 0 core 9 
OMP: Info #171: KMP_AFFINITY: OS proc 8 maps to socket 0 core 10 
OMP: Info #171: KMP_AFFINITY: OS proc 9 maps to socket 0 core 11 
OMP: Info #171: KMP_AFFINITY: OS proc 10 maps to socket 0 core 12 
OMP: Info #171: KMP_AFFINITY: OS proc 11 maps to socket 0 core 13 
OMP: Info #171: KMP_AFFINITY: OS proc 12 maps to socket 1 core 0 
OMP: Info #171: KMP_AFFINITY: OS proc 13 maps to socket 1 core 1 
OMP: Info #171: KMP_AFFINITY: OS proc 14 maps to socket 1 core 2 
OMP: Info #171: KMP_AFFINITY: OS proc 15 maps to socket 1 core 3 
OMP: Info #171: KMP_AFFINITY: OS proc 16 maps to socket 1 core 4 
OMP: Info #171: KMP_AFFINITY: OS proc 17 maps to socket 1 core 5 
OMP: Info #171: KMP_AFFINITY: OS proc 18 maps to socket 1 core 8 
OMP: Info #171: KMP_AFFINITY: OS proc 19 maps to socket 1 core 9 
OMP: Info #171: KMP_AFFINITY: OS proc 20 maps to socket 1 core 10 
OMP: Info #171: KMP_AFFINITY: OS proc 21 maps to socket 1 core 11 
OMP: Info #171: KMP_AFFINITY: OS proc 22 maps to socket 1 core 12 
OMP: Info #171: KMP_AFFINITY: OS proc 23 maps to socket 1 core 13 
OMP: Info #251: KMP_AFFINITY: pid 8418 tid 8418 thread 0 bound to OS proc set 0
2019-09-22 21:07:36.352335: I tensorflow/core/common_runtime/process_util.cc:115] Creating new thread pool with default inter op setting: 2. Tune using inter_op_parallelism_threads for best performance.
2019-09-22 21:07:36.509625: W tensorflow/compiler/jit/mark_for_compilation_pass.cc:1412] (One-time warning): Not using XLA:CPU for cluster because envvar TF_XLA_FLAGS=--tf_xla_cpu_global_jit was not set.  If you want XLA:CPU, either set that envvar, or use experimental_jit_scope to enable XLA:CPU.  To confirm that XLA is active, pass --vmodule=xla_compilation_cache=1 (as a proper command-line flag, not via TF_XLA_FLAGS) or set the envvar XLA_FLAGS=--xla_hlo_profile.
OMP: Info #251: KMP_AFFINITY: pid 8418 tid 8486 thread 1 bound to OS proc set 12
OMP: Info #251: KMP_AFFINITY: pid 8418 tid 8487 thread 2 bound to OS proc set 1
OMP: Info #251: KMP_AFFINITY: pid 8418 tid 8488 thread 3 bound to OS proc set 13
OMP: Info #251: KMP_AFFINITY: pid 8418 tid 8489 thread 4 bound to OS proc set 2
OMP: Info #251: KMP_AFFINITY: pid 8418 tid 8490 thread 5 bound to OS proc set 14
OMP: Info #251: KMP_AFFINITY: pid 8418 tid 8491 thread 6 bound to OS proc set 3
OMP: Info #251: KMP_AFFINITY: pid 8418 tid 8492 thread 7 bound to OS proc set 15
OMP: Info #251: KMP_AFFINITY: pid 8418 tid 8494 thread 9 bound to OS proc set 16
OMP: Info #251: KMP_AFFINITY: pid 8418 tid 8493 thread 8 bound to OS proc set 4
OMP: Info #251: KMP_AFFINITY: pid 8418 tid 8495 thread 10 bound to OS proc set 5
OMP: Info #251: KMP_AFFINITY: pid 8418 tid 8496 thread 11 bound to OS proc set 17
OMP: Info #251: KMP_AFFINITY: pid 8418 tid 8497 thread 12 bound to OS proc set 6
OMP: Info #251: KMP_AFFINITY: pid 8418 tid 8498 thread 13 bound to OS proc set 18
OMP: Info #251: KMP_AFFINITY: pid 8418 tid 8499 thread 14 bound to OS proc set 7
OMP: Info #251: KMP_AFFINITY: pid 8418 tid 8500 thread 15 bound to OS proc set 19
OMP: Info #251: KMP_AFFINITY: pid 8418 tid 8501 thread 16 bound to OS proc set 8
OMP: Info #251: KMP_AFFINITY: pid 8418 tid 8502 thread 17 bound to OS proc set 20
OMP: Info #251: KMP_AFFINITY: pid 8418 tid 8503 thread 18 bound to OS proc set 9
OMP: Info #251: KMP_AFFINITY: pid 8418 tid 8504 thread 19 bound to OS proc set 21
OMP: Info #251: KMP_AFFINITY: pid 8418 tid 8505 thread 20 bound to OS proc set 10
OMP: Info #251: KMP_AFFINITY: pid 8418 tid 8506 thread 21 bound to OS proc set 22
OMP: Info #251: KMP_AFFINITY: pid 8418 tid 8507 thread 22 bound to OS proc set 11
OMP: Info #251: KMP_AFFINITY: pid 8418 tid 8508 thread 23 bound to OS proc set 23
OMP: Info #251: KMP_AFFINITY: pid 8418 tid 8509 thread 24 bound to OS proc set 0
OMP: Info #251: KMP_AFFINITY: pid 8418 tid 8485 thread 25 bound to OS proc set 12
OMP: Info #251: KMP_AFFINITY: pid 8418 tid 8510 thread 26 bound to OS proc set 1
OMP: Info #251: KMP_AFFINITY: pid 8418 tid 8511 thread 27 bound to OS proc set 13
OMP: Info #251: KMP_AFFINITY: pid 8418 tid 8512 thread 28 bound to OS proc set 2
OMP: Info #251: KMP_AFFINITY: pid 8418 tid 8513 thread 29 bound to OS proc set 14
OMP: Info #251: KMP_AFFINITY: pid 8418 tid 8514 thread 30 bound to OS proc set 3
OMP: Info #251: KMP_AFFINITY: pid 8418 tid 8516 thread 32 bound to OS proc set 4
OMP: Info #251: KMP_AFFINITY: pid 8418 tid 8515 thread 31 bound to OS proc set 15
OMP: Info #251: KMP_AFFINITY: pid 8418 tid 8517 thread 33 bound to OS proc set 16
OMP: Info #251: KMP_AFFINITY: pid 8418 tid 8519 thread 35 bound to OS proc set 17
OMP: Info #251: KMP_AFFINITY: pid 8418 tid 8518 thread 34 bound to OS proc set 5
OMP: Info #251: KMP_AFFINITY: pid 8418 tid 8520 thread 36 bound to OS proc set 6
OMP: Info #251: KMP_AFFINITY: pid 8418 tid 8521 thread 37 bound to OS proc set 18
OMP: Info #251: KMP_AFFINITY: pid 8418 tid 8522 thread 38 bound to OS proc set 7
OMP: Info #251: KMP_AFFINITY: pid 8418 tid 8523 thread 39 bound to OS proc set 19
OMP: Info #251: KMP_AFFINITY: pid 8418 tid 8524 thread 40 bound to OS proc set 8
OMP: Info #251: KMP_AFFINITY: pid 8418 tid 8525 thread 41 bound to OS proc set 20
OMP: Info #251: KMP_AFFINITY: pid 8418 tid 8526 thread 42 bound to OS proc set 9
OMP: Info #251: KMP_AFFINITY: pid 8418 tid 8527 thread 43 bound to OS proc set 21
OMP: Info #251: KMP_AFFINITY: pid 8418 tid 8528 thread 44 bound to OS proc set 10
OMP: Info #251: KMP_AFFINITY: pid 8418 tid 8529 thread 45 bound to OS proc set 22
OMP: Info #251: KMP_AFFINITY: pid 8418 tid 8530 thread 46 bound to OS proc set 11
OMP: Info #251: KMP_AFFINITY: pid 8418 tid 8531 thread 47 bound to OS proc set 23
OMP: Info #251: KMP_AFFINITY: pid 8418 tid 8532 thread 48 bound to OS proc set 0
/home/hlwn009u1/.conda/envs/tmpEnv0/lib/python3.7/site-packages/keras/engine/training.py:490: UserWarning: Discrepancy between trainable weights and collected trainable weights, did you set `model.trainable` without calling `model.compile` after ?
  'Discrepancy between trainable weights and collected trainable'
/home/hlwn009u1/.conda/envs/tmpEnv0/lib/python3.7/site-packages/keras/engine/training.py:490: UserWarning: Discrepancy between trainable weights and collected trainable weights, did you set `model.trainable` without calling `model.compile` after ?
  'Discrepancy between trainable weights and collected trainable'
>1, 1/234, d=0.700, g=0.682
>1, 2/234, d=0.693, g=0.707
>1, 3/234, d=0.684, g=0.719
>1, 4/234, d=0.674, g=0.746
>1, 5/234, d=0.666, g=0.765
>1, 6/234, d=0.659, g=0.784
>1, 7/234, d=0.651, g=0.798
>1, 8/234, d=0.643, g=0.811
>1, 9/234, d=0.641, g=0.826
>1, 10/234, d=0.636, g=0.828
>1, 11/234, d=0.630, g=0.827
>1, 12/234, d=0.638, g=0.809
>1, 13/234, d=0.643, g=0.791
>1, 14/234, d=0.644, g=0.772
>1, 15/234, d=0.646, g=0.750
>1, 16/234, d=0.646, g=0.735
>1, 17/234, d=0.646, g=0.722
>1, 18/234, d=0.642, g=0.713
>1, 19/234, d=0.639, g=0.707
>1, 20/234, d=0.633, g=0.703
>1, 21/234, d=0.621, g=0.701
>1, 22/234, d=0.618, g=0.699
>1, 23/234, d=0.610, g=0.698
>1, 24/234, d=0.602, g=0.698
>1, 25/234, d=0.593, g=0.698
>1, 26/234, d=0.577, g=0.697
>1, 27/234, d=0.577, g=0.698
>1, 28/234, d=0.570, g=0.699
>1, 29/234, d=0.555, g=0.699
>1, 30/234, d=0.549, g=0.700
>1, 31/234, d=0.540, g=0.700
>1, 32/234, d=0.540, g=0.701
>1, 33/234, d=0.528, g=0.702
>1, 34/234, d=0.513, g=0.702
>1, 35/234, d=0.504, g=0.703
>1, 36/234, d=0.492, g=0.705
>1, 37/234, d=0.486, g=0.706
>1, 38/234, d=0.471, g=0.707
>1, 39/234, d=0.463, g=0.709
>1, 40/234, d=0.453, g=0.711
>1, 41/234, d=0.445, g=0.713
>1, 42/234, d=0.442, g=0.715
>1, 43/234, d=0.425, g=0.717
>1, 44/234, d=0.429, g=0.719
>1, 45/234, d=0.418, g=0.722
>1, 46/234, d=0.415, g=0.725
>1, 47/234, d=0.408, g=0.729
>1, 48/234, d=0.401, g=0.732
>1, 49/234, d=0.393, g=0.736
>1, 50/234, d=0.385, g=0.740
>1, 51/234, d=0.381, g=0.746
>1, 52/234, d=0.374, g=0.751
>1, 53/234, d=0.376, g=0.756
>1, 54/234, d=0.365, g=0.763
>1, 55/234, d=0.364, g=0.770
>1, 56/234, d=0.355, g=0.778
>1, 57/234, d=0.349, g=0.787
>1, 58/234, d=0.343, g=0.797
>1, 59/234, d=0.335, g=0.809
>1, 60/234, d=0.331, g=0.820
>1, 61/234, d=0.322, g=0.834
>1, 62/234, d=0.316, g=0.848
>1, 63/234, d=0.309, g=0.866
>1, 64/234, d=0.305, g=0.884
>1, 65/234, d=0.298, g=0.901
>1, 66/234, d=0.288, g=0.921
>1, 67/234, d=0.281, g=0.945
>1, 68/234, d=0.273, g=0.966
>1, 69/234, d=0.262, g=0.993
>1, 70/234, d=0.259, g=1.021
>1, 71/234, d=0.252, g=1.049
>1, 72/234, d=0.246, g=1.078
>1, 73/234, d=0.228, g=1.115
>1, 74/234, d=0.222, g=1.150
>1, 75/234, d=0.211, g=1.181
>1, 76/234, d=0.199, g=1.228
>1, 77/234, d=0.196, g=1.269
>1, 78/234, d=0.191, g=1.312
>1, 79/234, d=0.177, g=1.358
>1, 80/234, d=0.169, g=1.405
>1, 81/234, d=0.160, g=1.451
>1, 82/234, d=0.159, g=1.499
>1, 83/234, d=0.143, g=1.547
>1, 84/234, d=0.138, g=1.603
>1, 85/234, d=0.132, g=1.649
>1, 86/234, d=0.126, g=1.712
>1, 87/234, d=0.122, g=1.753
>1, 88/234, d=0.121, g=1.807
>1, 89/234, d=0.111, g=1.861
>1, 90/234, d=0.101, g=1.922
>1, 91/234, d=0.098, g=1.961
>1, 92/234, d=0.092, g=2.021
>1, 93/234, d=0.093, g=2.071
>1, 94/234, d=0.085, g=2.118
>1, 95/234, d=0.089, g=2.162
>1, 96/234, d=0.076, g=2.211
>1, 97/234, d=0.077, g=2.248
>1, 98/234, d=0.072, g=2.263
>1, 99/234, d=0.094, g=2.085
>1, 100/234, d=0.664, g=0.546
>1, 101/234, d=2.710, g=0.024
>1, 102/234, d=2.878, g=0.027
>1, 103/234, d=2.201, g=0.102
>1, 104/234, d=1.454, g=0.334
>1, 105/234, d=0.888, g=0.929
>1, 106/234, d=0.563, g=1.634
>1, 107/234, d=0.427, g=2.206
>1, 108/234, d=0.389, g=2.474
>1, 109/234, d=0.341, g=2.583
>1, 110/234, d=0.339, g=2.522
>1, 111/234, d=0.281, g=2.584
>1, 112/234, d=0.272, g=2.442
>1, 113/234, d=0.249, g=2.439
>1, 114/234, d=0.243, g=2.427
>1, 115/234, d=0.247, g=2.347
>1, 116/234, d=0.235, g=2.273
>1, 117/234, d=0.238, g=2.066
>1, 118/234, d=0.264, g=1.892
>1, 119/234, d=0.287, g=1.696
>1, 120/234, d=0.280, g=1.608
>1, 121/234, d=0.332, g=1.614
>1, 122/234, d=0.361, g=1.497
>1, 123/234, d=0.364, g=1.479
>1, 124/234, d=0.371, g=1.312
>1, 125/234, d=0.427, g=1.292
>1, 126/234, d=0.413, g=1.194
>1, 127/234, d=0.504, g=1.091
>1, 128/234, d=0.518, g=1.063
>1, 129/234, d=0.517, g=1.005
>1, 130/234, d=0.558, g=0.969
>1, 131/234, d=0.560, g=0.908
>1, 132/234, d=0.604, g=0.889
>1, 133/234, d=0.618, g=0.901
>1, 134/234, d=0.618, g=0.897
>1, 135/234, d=0.644, g=0.912
>1, 136/234, d=0.629, g=0.945
>1, 137/234, d=0.630, g=0.951
>1, 138/234, d=0.626, g=0.958
>1, 139/234, d=0.604, g=0.980
>1, 140/234, d=0.599, g=0.990
>1, 141/234, d=0.576, g=1.055
>1, 142/234, d=0.542, g=1.022
>1, 143/234, d=0.533, g=1.073
>1, 144/234, d=0.541, g=1.069
>1, 145/234, d=0.523, g=1.094
>1, 146/234, d=0.549, g=1.050
>1, 147/234, d=0.690, g=0.792
>1, 148/234, d=0.997, g=0.622
>1, 149/234, d=1.004, g=0.921
>1, 150/234, d=0.972, g=0.942
>1, 151/234, d=1.000, g=0.777
>1, 152/234, d=1.106, g=0.599
>1, 153/234, d=1.181, g=0.497
>1, 154/234, d=1.168, g=0.485
>1, 155/234, d=1.139, g=0.471
>1, 156/234, d=1.086, g=0.493
>1, 157/234, d=1.021, g=0.510
>1, 158/234, d=0.995, g=0.539
>1, 159/234, d=0.950, g=0.551
>1, 160/234, d=0.914, g=0.579
>1, 161/234, d=0.874, g=0.606
>1, 162/234, d=0.842, g=0.646
>1, 163/234, d=0.825, g=0.657
>1, 164/234, d=0.783, g=0.663
>1, 165/234, d=0.739, g=0.700
>1, 166/234, d=0.724, g=0.721
>1, 167/234, d=0.697, g=0.747
>1, 168/234, d=0.675, g=0.756
>1, 169/234, d=0.658, g=0.792
>1, 170/234, d=0.646, g=0.815
>1, 171/234, d=0.633, g=0.829
>1, 172/234, d=0.654, g=0.848
>1, 173/234, d=0.601, g=0.832
>1, 174/234, d=0.622, g=0.840
>1, 175/234, d=0.628, g=0.823
>1, 176/234, d=0.686, g=0.802
>1, 177/234, d=0.737, g=0.822
>1, 178/234, d=0.764, g=0.953
>1, 179/234, d=0.732, g=1.129
>1, 180/234, d=0.706, g=1.228
>1, 181/234, d=0.704, g=1.233
>1, 182/234, d=0.692, g=1.253
>1, 183/234, d=0.695, g=1.199
>1, 184/234, d=0.679, g=1.176
>1, 185/234, d=0.671, g=1.136
>1, 186/234, d=0.650, g=1.061
>1, 187/234, d=0.654, g=1.107
>1, 188/234, d=0.651, g=1.086
>1, 189/234, d=0.650, g=1.152
>1, 190/234, d=0.649, g=1.124
>1, 191/234, d=0.641, g=1.087
>1, 192/234, d=0.642, g=1.062
>1, 193/234, d=0.640, g=0.994
>1, 194/234, d=0.622, g=0.940
>1, 195/234, d=0.661, g=0.873
>1, 196/234, d=0.667, g=0.799
>1, 197/234, d=0.673, g=0.743
>1, 198/234, d=0.667, g=0.705
>1, 199/234, d=0.663, g=0.669
>1, 200/234, d=0.631, g=0.660
>1, 201/234, d=0.654, g=0.652
>1, 202/234, d=0.632, g=0.643
>1, 203/234, d=0.623, g=0.627
>1, 204/234, d=0.630, g=0.633
>1, 205/234, d=0.625, g=0.637
>1, 206/234, d=0.631, g=0.655
>1, 207/234, d=0.635, g=0.642
>1, 208/234, d=0.644, g=0.654
>1, 209/234, d=0.654, g=0.669
>1, 210/234, d=0.675, g=0.738
>1, 211/234, d=0.662, g=0.788
>1, 212/234, d=0.633, g=0.886
>1, 213/234, d=0.638, g=0.951
>1, 214/234, d=0.641, g=1.038
>1, 215/234, d=0.622, g=1.109
>1, 216/234, d=0.637, g=1.146
>1, 217/234, d=0.638, g=1.143
>1, 218/234, d=0.643, g=1.154
>1, 219/234, d=0.648, g=1.096
>1, 220/234, d=0.668, g=1.024
>1, 221/234, d=0.675, g=0.961
>1, 222/234, d=0.656, g=0.943
>1, 223/234, d=0.671, g=0.881
>1, 224/234, d=0.670, g=0.819
>1, 225/234, d=0.704, g=0.791
>1, 226/234, d=0.695, g=0.744
>1, 227/234, d=0.713, g=0.711
>1, 228/234, d=0.715, g=0.670
>1, 229/234, d=0.715, g=0.653
>1, 230/234, d=0.721, g=0.628
>1, 231/234, d=0.725, g=0.613
>1, 232/234, d=0.736, g=0.614
>1, 233/234, d=0.732, g=0.611
>1, 234/234, d=0.722, g=0.639
>2, 1/234, d=0.731, g=0.630
>2, 2/234, d=0.751, g=0.658
>2, 3/234, d=0.730, g=0.710
>2, 4/234, d=0.741, g=0.734
>2, 5/234, d=0.731, g=0.762
>2, 6/234, d=0.722, g=0.779
>2, 7/234, d=0.717, g=0.788
>2, 8/234, d=0.708, g=0.795
>2, 9/234, d=0.728, g=0.812
>2, 10/234, d=0.706, g=0.790
>2, 11/234, d=0.705, g=0.781
>2, 12/234, d=0.700, g=0.753
>2, 13/234, d=0.696, g=0.747
>2, 14/234, d=0.693, g=0.709
>2, 15/234, d=0.679, g=0.692
>2, 16/234, d=0.670, g=0.689
>2, 17/234, d=0.670, g=0.669
>2, 18/234, d=0.674, g=0.661
>2, 19/234, d=0.658, g=0.656
>2, 20/234, d=0.669, g=0.665
>2, 21/234, d=0.640, g=0.670
>2, 22/234, d=0.671, g=0.658
>2, 23/234, d=0.673, g=0.674
>2, 24/234, d=0.680, g=0.682
>2, 25/234, d=0.674, g=0.714
>2, 26/234, d=0.654, g=0.736
>2, 27/234, d=0.653, g=0.749
>2, 28/234, d=0.662, g=0.791
>2, 29/234, d=0.637, g=0.771
>2, 30/234, d=0.666, g=0.776
>2, 31/234, d=0.663, g=0.766
>2, 32/234, d=0.665, g=0.750
>2, 33/234, d=0.661, g=0.737
>2, 34/234, d=0.661, g=0.712
>2, 35/234, d=0.673, g=0.705
>2, 36/234, d=0.656, g=0.696
>2, 37/234, d=0.662, g=0.673
>2, 38/234, d=0.681, g=0.700
>2, 39/234, d=0.673, g=0.668
>2, 40/234, d=0.692, g=0.652
>2, 41/234, d=0.679, g=0.667
>2, 42/234, d=0.682, g=0.668
>2, 43/234, d=0.689, g=0.669
>2, 44/234, d=0.692, g=0.682
>2, 45/234, d=0.688, g=0.674
>2, 46/234, d=0.698, g=0.700
>2, 47/234, d=0.691, g=0.700
>2, 48/234, d=0.705, g=0.681
>2, 49/234, d=0.713, g=0.691
>2, 50/234, d=0.719, g=0.686
>2, 51/234, d=0.706, g=0.696
>2, 52/234, d=0.727, g=0.699
>2, 53/234, d=0.738, g=0.705
>2, 54/234, d=0.728, g=0.690
>2, 55/234, d=0.745, g=0.689
>2, 56/234, d=0.722, g=0.676
>2, 57/234, d=0.745, g=0.647
>2, 58/234, d=0.742, g=0.675
>2, 59/234, d=0.745, g=0.684
>2, 60/234, d=0.734, g=0.703
>2, 61/234, d=0.768, g=0.693
>2, 62/234, d=0.758, g=0.696
>2, 63/234, d=0.735, g=0.695
>2, 64/234, d=0.747, g=0.697
>2, 65/234, d=0.742, g=0.712
>2, 66/234, d=0.742, g=0.713
>2, 67/234, d=0.736, g=0.707
>2, 68/234, d=0.740, g=0.720
>2, 69/234, d=0.714, g=0.724
>2, 70/234, d=0.707, g=0.727
>2, 71/234, d=0.703, g=0.738
>2, 72/234, d=0.720, g=0.746
>2, 73/234, d=0.729, g=0.740
>2, 74/234, d=0.703, g=0.759
>2, 75/234, d=0.706, g=0.759
>2, 76/234, d=0.696, g=0.761
>2, 77/234, d=0.703, g=0.779
>2, 78/234, d=0.700, g=0.766
>2, 79/234, d=0.700, g=0.759
>2, 80/234, d=0.671, g=0.779
>2, 81/234, d=0.683, g=0.825
>2, 82/234, d=0.656, g=0.816
>2, 83/234, d=0.677, g=0.821
>2, 84/234, d=0.679, g=0.822
>2, 85/234, d=0.661, g=0.809
>2, 86/234, d=0.648, g=0.827
>2, 87/234, d=0.643, g=0.822
>2, 88/234, d=0.653, g=0.812
>2, 89/234, d=0.643, g=0.803
>2, 90/234, d=0.647, g=0.801
>2, 91/234, d=0.625, g=0.797
>2, 92/234, d=0.633, g=0.814
>2, 93/234, d=0.654, g=0.784
>2, 94/234, d=0.636, g=0.805
>2, 95/234, d=0.641, g=0.768
>2, 96/234, d=0.626, g=0.784
>2, 97/234, d=0.637, g=0.794
>2, 98/234, d=0.644, g=0.814
>2, 99/234, d=0.632, g=0.824
>2, 100/234, d=0.642, g=0.835
>2, 101/234, d=0.628, g=0.804
>2, 102/234, d=0.636, g=0.784
>2, 103/234, d=0.650, g=0.789
>2, 104/234, d=0.637, g=0.778
>2, 105/234, d=0.630, g=0.769
>2, 106/234, d=0.651, g=0.766
>2, 107/234, d=0.636, g=0.767
>2, 108/234, d=0.643, g=0.778
>2, 109/234, d=0.643, g=0.780
>2, 110/234, d=0.651, g=0.782
>2, 111/234, d=0.625, g=0.794
>2, 112/234, d=0.654, g=0.797
>2, 113/234, d=0.645, g=0.788
>2, 114/234, d=0.655, g=0.772
>2, 115/234, d=0.651, g=0.780
>2, 116/234, d=0.654, g=0.770
>2, 117/234, d=0.645, g=0.784
>2, 118/234, d=0.654, g=0.769
>2, 119/234, d=0.650, g=0.751
>2, 120/234, d=0.665, g=0.740
>2, 121/234, d=0.666, g=0.729
>2, 122/234, d=0.684, g=0.723
>2, 123/234, d=0.659, g=0.716
>2, 124/234, d=0.668, g=0.710
>2, 125/234, d=0.665, g=0.729
>2, 126/234, d=0.671, g=0.725
>2, 127/234, d=0.676, g=0.726
>2, 128/234, d=0.687, g=0.724
>2, 129/234, d=0.689, g=0.709
>2, 130/234, d=0.702, g=0.717
>2, 131/234, d=0.690, g=0.716
>2, 132/234, d=0.694, g=0.702
>2, 133/234, d=0.702, g=0.690
>2, 134/234, d=0.694, g=0.688
>2, 135/234, d=0.720, g=0.675
>2, 136/234, d=0.705, g=0.689
>2, 137/234, d=0.709, g=0.685
>2, 138/234, d=0.685, g=0.683
>2, 139/234, d=0.695, g=0.684
>2, 140/234, d=0.697, g=0.699
>2, 141/234, d=0.705, g=0.696
>2, 142/234, d=0.689, g=0.693
>2, 143/234, d=0.692, g=0.706
>2, 144/234, d=0.696, g=0.694
>2, 145/234, d=0.700, g=0.718
>2, 146/234, d=0.706, g=0.702
>2, 147/234, d=0.712, g=0.720
>2, 148/234, d=0.698, g=0.724
>2, 149/234, d=0.685, g=0.703
>2, 150/234, d=0.700, g=0.711
>2, 151/234, d=0.691, g=0.724
>2, 152/234, d=0.686, g=0.730
>2, 153/234, d=0.715, g=0.715
>2, 154/234, d=0.701, g=0.704
>2, 155/234, d=0.686, g=0.718
>2, 156/234, d=0.686, g=0.712
>2, 157/234, d=0.689, g=0.720
>2, 158/234, d=0.685, g=0.715
>2, 159/234, d=0.684, g=0.719
>2, 160/234, d=0.708, g=0.734
>2, 161/234, d=0.691, g=0.736
>2, 162/234, d=0.686, g=0.750
>2, 163/234, d=0.699, g=0.742
>2, 164/234, d=0.694, g=0.724
>2, 165/234, d=0.678, g=0.717
>2, 166/234, d=0.691, g=0.698
>2, 167/234, d=0.670, g=0.700
>2, 168/234, d=0.694, g=0.708
>2, 169/234, d=0.690, g=0.719
>2, 170/234, d=0.695, g=0.729
>2, 171/234, d=0.669, g=0.744
>2, 172/234, d=0.703, g=0.738
>2, 173/234, d=0.698, g=0.755
>2, 174/234, d=0.675, g=0.765
>2, 175/234, d=0.678, g=0.745
>2, 176/234, d=0.692, g=0.744
>2, 177/234, d=0.671, g=0.751
>2, 178/234, d=0.675, g=0.748
>2, 179/234, d=0.667, g=0.746
>2, 180/234, d=0.682, g=0.753
>2, 181/234, d=0.687, g=0.717
>2, 182/234, d=0.677, g=0.746
>2, 183/234, d=0.655, g=0.752
>2, 184/234, d=0.661, g=0.763
>2, 185/234, d=0.655, g=0.764
>2, 186/234, d=0.665, g=0.768
>2, 187/234, d=0.648, g=0.753
>2, 188/234, d=0.652, g=0.768
>2, 189/234, d=0.652, g=0.764
>2, 190/234, d=0.648, g=0.759
>2, 191/234, d=0.669, g=0.777
>2, 192/234, d=0.650, g=0.747
>2, 193/234, d=0.655, g=0.755
>2, 194/234, d=0.656, g=0.783
>2, 195/234, d=0.630, g=0.778
>2, 196/234, d=0.651, g=0.766
>2, 197/234, d=0.644, g=0.768
>2, 198/234, d=0.641, g=0.753
>2, 199/234, d=0.644, g=0.785
>2, 200/234, d=0.645, g=0.765
>2, 201/234, d=0.630, g=0.776
>2, 202/234, d=0.645, g=0.780
>2, 203/234, d=0.648, g=0.791
>2, 204/234, d=0.647, g=0.786
>2, 205/234, d=0.650, g=0.790
>2, 206/234, d=0.675, g=0.781
>2, 207/234, d=0.667, g=0.756
>2, 208/234, d=0.668, g=0.762
>2, 209/234, d=0.645, g=0.734
>2, 210/234, d=0.670, g=0.744
>2, 211/234, d=0.673, g=0.736
>2, 212/234, d=0.647, g=0.742
>2, 213/234, d=0.667, g=0.736
>2, 214/234, d=0.665, g=0.744
>2, 215/234, d=0.650, g=0.735
>2, 216/234, d=0.669, g=0.708
>2, 217/234, d=0.671, g=0.721
>2, 218/234, d=0.682, g=0.746
>2, 219/234, d=0.680, g=0.754
>2, 220/234, d=0.679, g=0.737
>2, 221/234, d=0.686, g=0.717
>2, 222/234, d=0.694, g=0.708
>2, 223/234, d=0.682, g=0.720
>2, 224/234, d=0.674, g=0.732
>2, 225/234, d=0.694, g=0.729
>2, 226/234, d=0.702, g=0.735
>2, 227/234, d=0.689, g=0.722
>2, 228/234, d=0.711, g=0.731
>2, 229/234, d=0.713, g=0.706
>2, 230/234, d=0.701, g=0.706
>2, 231/234, d=0.682, g=0.709
>2, 232/234, d=0.697, g=0.700
>2, 233/234, d=0.703, g=0.728
>2, 234/234, d=0.698, g=0.721
>3, 1/234, d=0.671, g=0.723
>3, 2/234, d=0.702, g=0.722
>3, 3/234, d=0.704, g=0.728
>3, 4/234, d=0.726, g=0.716
>3, 5/234, d=0.706, g=0.739
>3, 6/234, d=0.682, g=0.706
>3, 7/234, d=0.692, g=0.705
>3, 8/234, d=0.711, g=0.721
>3, 9/234, d=0.704, g=0.710
>3, 10/234, d=0.705, g=0.716
>3, 11/234, d=0.708, g=0.707
>3, 12/234, d=0.702, g=0.700
>3, 13/234, d=0.711, g=0.702
>3, 14/234, d=0.714, g=0.703
>3, 15/234, d=0.722, g=0.718
>3, 16/234, d=0.716, g=0.720
>3, 17/234, d=0.700, g=0.734
>3, 18/234, d=0.698, g=0.715
>3, 19/234, d=0.694, g=0.718
>3, 20/234, d=0.714, g=0.714
>3, 21/234, d=0.708, g=0.717
>3, 22/234, d=0.702, g=0.706
>3, 23/234, d=0.719, g=0.697
>3, 24/234, d=0.703, g=0.703
>3, 25/234, d=0.689, g=0.704
>3, 26/234, d=0.689, g=0.720
>3, 27/234, d=0.714, g=0.712
>3, 28/234, d=0.682, g=0.741
>3, 29/234, d=0.702, g=0.732
>3, 30/234, d=0.689, g=0.719
>3, 31/234, d=0.690, g=0.717
>3, 32/234, d=0.693, g=0.710
>3, 33/234, d=0.701, g=0.706
>3, 34/234, d=0.712, g=0.694
>3, 35/234, d=0.709, g=0.691
>3, 36/234, d=0.696, g=0.715
>3, 37/234, d=0.708, g=0.716
>3, 38/234, d=0.714, g=0.694
>3, 39/234, d=0.708, g=0.682
>3, 40/234, d=0.718, g=0.682
>3, 41/234, d=0.730, g=0.683
>3, 42/234, d=0.726, g=0.688
>3, 43/234, d=0.729, g=0.692
>3, 44/234, d=0.714, g=0.684
>3, 45/234, d=0.720, g=0.682
>3, 46/234, d=0.716, g=0.673
>3, 47/234, d=0.711, g=0.693
>3, 48/234, d=0.721, g=0.671
>3, 49/234, d=0.714, g=0.690
>3, 50/234, d=0.715, g=0.702
>3, 51/234, d=0.716, g=0.713
>3, 52/234, d=0.716, g=0.691
>3, 53/234, d=0.710, g=0.709
>3, 54/234, d=0.699, g=0.723
>3, 55/234, d=0.689, g=0.707
>3, 56/234, d=0.709, g=0.743
>3, 57/234, d=0.694, g=0.740
>3, 58/234, d=0.702, g=0.716
>3, 59/234, d=0.697, g=0.724
>3, 60/234, d=0.682, g=0.714
>3, 61/234, d=0.671, g=0.733
>3, 62/234, d=0.679, g=0.749
>3, 63/234, d=0.669, g=0.748
>3, 64/234, d=0.666, g=0.752
>3, 65/234, d=0.668, g=0.764
>3, 66/234, d=0.659, g=0.766
>3, 67/234, d=0.673, g=0.755
>3, 68/234, d=0.650, g=0.772
>3, 69/234, d=0.657, g=0.778
>3, 70/234, d=0.649, g=0.768
>3, 71/234, d=0.649, g=0.753
>3, 72/234, d=0.640, g=0.750
>3, 73/234, d=0.652, g=0.746
>3, 74/234, d=0.657, g=0.741
>3, 75/234, d=0.658, g=0.738
>3, 76/234, d=0.660, g=0.743
>3, 77/234, d=0.663, g=0.774
>3, 78/234, d=0.668, g=0.757
>3, 79/234, d=0.652, g=0.762
>3, 80/234, d=0.659, g=0.753
>3, 81/234, d=0.655, g=0.753
>3, 82/234, d=0.685, g=0.736
>3, 83/234, d=0.681, g=0.735
>3, 84/234, d=0.655, g=0.729
>3, 85/234, d=0.679, g=0.732
>3, 86/234, d=0.672, g=0.731
>3, 87/234, d=0.680, g=0.715
>3, 88/234, d=0.691, g=0.724
>3, 89/234, d=0.670, g=0.739
>3, 90/234, d=0.688, g=0.726
>3, 91/234, d=0.693, g=0.697
>3, 92/234, d=0.695, g=0.715
>3, 93/234, d=0.699, g=0.718
>3, 94/234, d=0.709, g=0.720
>3, 95/234, d=0.705, g=0.709
>3, 96/234, d=0.698, g=0.697
>3, 97/234, d=0.717, g=0.707
>3, 98/234, d=0.703, g=0.685
>3, 99/234, d=0.705, g=0.702
>3, 100/234, d=0.696, g=0.678
>3, 101/234, d=0.700, g=0.704
>3, 102/234, d=0.701, g=0.713
>3, 103/234, d=0.701, g=0.710
>3, 104/234, d=0.690, g=0.687
>3, 105/234, d=0.696, g=0.713
>3, 106/234, d=0.712, g=0.695
>3, 107/234, d=0.704, g=0.721
>3, 108/234, d=0.695, g=0.718
>3, 109/234, d=0.709, g=0.708
>3, 110/234, d=0.704, g=0.714
>3, 111/234, d=0.693, g=0.718
>3, 112/234, d=0.696, g=0.716
>3, 113/234, d=0.705, g=0.716
>3, 114/234, d=0.714, g=0.711
>3, 115/234, d=0.701, g=0.711
>3, 116/234, d=0.696, g=0.711
>3, 117/234, d=0.708, g=0.716
>3, 118/234, d=0.717, g=0.695
>3, 119/234, d=0.703, g=0.695
>3, 120/234, d=0.696, g=0.710
>3, 121/234, d=0.700, g=0.709
>3, 122/234, d=0.710, g=0.707
>3, 123/234, d=0.695, g=0.707
>3, 124/234, d=0.697, g=0.728
>3, 125/234, d=0.700, g=0.699
>3, 126/234, d=0.692, g=0.720
>3, 127/234, d=0.702, g=0.714
>3, 128/234, d=0.695, g=0.728
>3, 129/234, d=0.696, g=0.722
>3, 130/234, d=0.714, g=0.718
>3, 131/234, d=0.695, g=0.719
>3, 132/234, d=0.689, g=0.712
>3, 133/234, d=0.700, g=0.726
>3, 134/234, d=0.702, g=0.701
>3, 135/234, d=0.705, g=0.731
>3, 136/234, d=0.705, g=0.745
>3, 137/234, d=0.706, g=0.734
>3, 138/234, d=0.701, g=0.721
>3, 139/234, d=0.703, g=0.711
>3, 140/234, d=0.694, g=0.721
>3, 141/234, d=0.686, g=0.709
>3, 142/234, d=0.688, g=0.708
>3, 143/234, d=0.689, g=0.727
>3, 144/234, d=0.694, g=0.706
>3, 145/234, d=0.676, g=0.733
>3, 146/234, d=0.686, g=0.726
>3, 147/234, d=0.672, g=0.736
>3, 148/234, d=0.679, g=0.733
>3, 149/234, d=0.674, g=0.735
>3, 150/234, d=0.673, g=0.745
>3, 151/234, d=0.683, g=0.738
>3, 152/234, d=0.686, g=0.749
>3, 153/234, d=0.660, g=0.746
>3, 154/234, d=0.666, g=0.762
>3, 155/234, d=0.674, g=0.729
>3, 156/234, d=0.661, g=0.746
>3, 157/234, d=0.667, g=0.755
>3, 158/234, d=0.671, g=0.724
>3, 159/234, d=0.667, g=0.724
>3, 160/234, d=0.683, g=0.714
>3, 161/234, d=0.660, g=0.721
>3, 162/234, d=0.673, g=0.701
>3, 163/234, d=0.684, g=0.714
>3, 164/234, d=0.691, g=0.694
>3, 165/234, d=0.682, g=0.702
>3, 166/234, d=0.677, g=0.696
>3, 167/234, d=0.688, g=0.698
>3, 168/234, d=0.686, g=0.699
>3, 169/234, d=0.700, g=0.705
>3, 170/234, d=0.694, g=0.688
>3, 171/234, d=0.695, g=0.696
>3, 172/234, d=0.699, g=0.690
>3, 173/234, d=0.710, g=0.687
>3, 174/234, d=0.696, g=0.682
>3, 175/234, d=0.716, g=0.693
>3, 176/234, d=0.705, g=0.691
>3, 177/234, d=0.704, g=0.681
>3, 178/234, d=0.715, g=0.689
>3, 179/234, d=0.710, g=0.696
>3, 180/234, d=0.725, g=0.691
>3, 181/234, d=0.706, g=0.701
>3, 182/234, d=0.720, g=0.690
>3, 183/234, d=0.715, g=0.702
>3, 184/234, d=0.719, g=0.679
>3, 185/234, d=0.713, g=0.675
>3, 186/234, d=0.714, g=0.680
>3, 187/234, d=0.726, g=0.691
>3, 188/234, d=0.706, g=0.692
>3, 189/234, d=0.733, g=0.705
>3, 190/234, d=0.716, g=0.735
>3, 191/234, d=0.704, g=0.718
>3, 192/234, d=0.722, g=0.708
>3, 193/234, d=0.706, g=0.716
>3, 194/234, d=0.711, g=0.700
>3, 195/234, d=0.704, g=0.714
>3, 196/234, d=0.708, g=0.713
>3, 197/234, d=0.692, g=0.726
>3, 198/234, d=0.694, g=0.728
>3, 199/234, d=0.686, g=0.724
>3, 200/234, d=0.694, g=0.735
>3, 201/234, d=0.674, g=0.729
>3, 202/234, d=0.686, g=0.740
>3, 203/234, d=0.690, g=0.726
>3, 204/234, d=0.679, g=0.731
>3, 205/234, d=0.675, g=0.731
>3, 206/234, d=0.678, g=0.749
>3, 207/234, d=0.673, g=0.739
>3, 208/234, d=0.677, g=0.723
>3, 209/234, d=0.681, g=0.743
>3, 210/234, d=0.670, g=0.741
>3, 211/234, d=0.677, g=0.729
>3, 212/234, d=0.663, g=0.750
>3, 213/234, d=0.668, g=0.748
>3, 214/234, d=0.688, g=0.754
>3, 215/234, d=0.685, g=0.759
>3, 216/234, d=0.667, g=0.749
>3, 217/234, d=0.663, g=0.756
>3, 218/234, d=0.671, g=0.732
>3, 219/234, d=0.669, g=0.725
>3, 220/234, d=0.690, g=0.729
>3, 221/234, d=0.668, g=0.730
>3, 222/234, d=0.688, g=0.730
>3, 223/234, d=0.691, g=0.723
>3, 224/234, d=0.694, g=0.740
>3, 225/234, d=0.666, g=0.728
>3, 226/234, d=0.681, g=0.722
>3, 227/234, d=0.698, g=0.722
>3, 228/234, d=0.681, g=0.721
>3, 229/234, d=0.685, g=0.713
>3, 230/234, d=0.686, g=0.701
>3, 231/234, d=0.701, g=0.714
>3, 232/234, d=0.693, g=0.697
>3, 233/234, d=0.685, g=0.710
>3, 234/234, d=0.703, g=0.708
>4, 1/234, d=0.702, g=0.722
>4, 2/234, d=0.709, g=0.704
>4, 3/234, d=0.690, g=0.706
>4, 4/234, d=0.714, g=0.714
>4, 5/234, d=0.710, g=0.695
>4, 6/234, d=0.708, g=0.709
>4, 7/234, d=0.704, g=0.717
>4, 8/234, d=0.700, g=0.720
>4, 9/234, d=0.694, g=0.718
>4, 10/234, d=0.709, g=0.714
>4, 11/234, d=0.693, g=0.697
>4, 12/234, d=0.690, g=0.700
>4, 13/234, d=0.701, g=0.698
>4, 14/234, d=0.708, g=0.704
>4, 15/234, d=0.701, g=0.715
>4, 16/234, d=0.704, g=0.694
>4, 17/234, d=0.703, g=0.700
>4, 18/234, d=0.695, g=0.696
>4, 19/234, d=0.722, g=0.703
>4, 20/234, d=0.694, g=0.711
>4, 21/234, d=0.704, g=0.691
>4, 22/234, d=0.708, g=0.704
>4, 23/234, d=0.713, g=0.696
>4, 24/234, d=0.707, g=0.676
>4, 25/234, d=0.709, g=0.683
>4, 26/234, d=0.719, g=0.688
>4, 27/234, d=0.714, g=0.690
>4, 28/234, d=0.712, g=0.697
>4, 29/234, d=0.701, g=0.705
>4, 30/234, d=0.704, g=0.708
>4, 31/234, d=0.719, g=0.692
>4, 32/234, d=0.715, g=0.698
>4, 33/234, d=0.714, g=0.702
>4, 34/234, d=0.701, g=0.708
>4, 35/234, d=0.715, g=0.694
>4, 36/234, d=0.712, g=0.694
>4, 37/234, d=0.709, g=0.687
>4, 38/234, d=0.705, g=0.697
>4, 39/234, d=0.696, g=0.699
>4, 40/234, d=0.702, g=0.687
>4, 41/234, d=0.712, g=0.699
>4, 42/234, d=0.695, g=0.702
>4, 43/234, d=0.703, g=0.714
>4, 44/234, d=0.704, g=0.718
>4, 45/234, d=0.699, g=0.714
>4, 46/234, d=0.704, g=0.727
>4, 47/234, d=0.698, g=0.721
>4, 48/234, d=0.705, g=0.714
>4, 49/234, d=0.688, g=0.715
>4, 50/234, d=0.705, g=0.697
>4, 51/234, d=0.678, g=0.694
>4, 52/234, d=0.688, g=0.696
>4, 53/234, d=0.676, g=0.703
>4, 54/234, d=0.686, g=0.711
>4, 55/234, d=0.680, g=0.716
>4, 56/234, d=0.689, g=0.734
>4, 57/234, d=0.678, g=0.732
>4, 58/234, d=0.679, g=0.756
>4, 59/234, d=0.674, g=0.753
>4, 60/234, d=0.685, g=0.752
>4, 61/234, d=0.682, g=0.739
>4, 62/234, d=0.663, g=0.719
>4, 63/234, d=0.670, g=0.714
>4, 64/234, d=0.665, g=0.708
>4, 65/234, d=0.673, g=0.723
>4, 66/234, d=0.673, g=0.721
>4, 67/234, d=0.678, g=0.725
>4, 68/234, d=0.668, g=0.710
>4, 69/234, d=0.659, g=0.729
>4, 70/234, d=0.679, g=0.726
>4, 71/234, d=0.663, g=0.731
>4, 72/234, d=0.669, g=0.744
>4, 73/234, d=0.672, g=0.740
>4, 74/234, d=0.671, g=0.742
>4, 75/234, d=0.665, g=0.733
>4, 76/234, d=0.678, g=0.719
>4, 77/234, d=0.671, g=0.731
>4, 78/234, d=0.672, g=0.713
>4, 79/234, d=0.672, g=0.722
>4, 80/234, d=0.680, g=0.718
>4, 81/234, d=0.674, g=0.723
>4, 82/234, d=0.675, g=0.720
>4, 83/234, d=0.686, g=0.723
>4, 84/234, d=0.682, g=0.725
>4, 85/234, d=0.683, g=0.706
>4, 86/234, d=0.675, g=0.701
>4, 87/234, d=0.673, g=0.725
>4, 88/234, d=0.678, g=0.727
>4, 89/234, d=0.678, g=0.718
>4, 90/234, d=0.664, g=0.729
>4, 91/234, d=0.673, g=0.729
>4, 92/234, d=0.679, g=0.711
>4, 93/234, d=0.674, g=0.715
>4, 94/234, d=0.688, g=0.717
>4, 95/234, d=0.684, g=0.712
>4, 96/234, d=0.685, g=0.715
>4, 97/234, d=0.686, g=0.713
>4, 98/234, d=0.679, g=0.732
>4, 99/234, d=0.677, g=0.732
>4, 100/234, d=0.679, g=0.740
>4, 101/234, d=0.686, g=0.742
>4, 102/234, d=0.674, g=0.736
>4, 103/234, d=0.676, g=0.733
>4, 104/234, d=0.690, g=0.741
>4, 105/234, d=0.685, g=0.742
>4, 106/234, d=0.680, g=0.740
>4, 107/234, d=0.687, g=0.733
>4, 108/234, d=0.697, g=0.711
>4, 109/234, d=0.684, g=0.724
>4, 110/234, d=0.691, g=0.701
>4, 111/234, d=0.669, g=0.688
>4, 112/234, d=0.679, g=0.698
>4, 113/234, d=0.689, g=0.695
>4, 114/234, d=0.687, g=0.712
>4, 115/234, d=0.689, g=0.724
>4, 116/234, d=0.682, g=0.736
>4, 117/234, d=0.684, g=0.752
>4, 118/234, d=0.676, g=0.756
>4, 119/234, d=0.688, g=0.744
>4, 120/234, d=0.675, g=0.734
>4, 121/234, d=0.686, g=0.718
>4, 122/234, d=0.684, g=0.706
>4, 123/234, d=0.669, g=0.696
>4, 124/234, d=0.680, g=0.696
>4, 125/234, d=0.685, g=0.687
>4, 126/234, d=0.687, g=0.685
>4, 127/234, d=0.693, g=0.703
>4, 128/234, d=0.674, g=0.714
>4, 129/234, d=0.690, g=0.726
>4, 130/234, d=0.687, g=0.734
>4, 131/234, d=0.680, g=0.741
>4, 132/234, d=0.689, g=0.755
>4, 133/234, d=0.687, g=0.737
>4, 134/234, d=0.692, g=0.736
>4, 135/234, d=0.691, g=0.717
>4, 136/234, d=0.690, g=0.713
>4, 137/234, d=0.682, g=0.708
>4, 138/234, d=0.693, g=0.710
>4, 139/234, d=0.689, g=0.715
>4, 140/234, d=0.685, g=0.715
>4, 141/234, d=0.690, g=0.718
>4, 142/234, d=0.693, g=0.724
>4, 143/234, d=0.687, g=0.739
>4, 144/234, d=0.683, g=0.755
>4, 145/234, d=0.686, g=0.741
>4, 146/234, d=0.690, g=0.724
>4, 147/234, d=0.679, g=0.722
>4, 148/234, d=0.693, g=0.720
>4, 149/234, d=0.698, g=0.712
>4, 150/234, d=0.682, g=0.701
>4, 151/234, d=0.682, g=0.713
>4, 152/234, d=0.689, g=0.716
>4, 153/234, d=0.682, g=0.717
>4, 154/234, d=0.680, g=0.732
>4, 155/234, d=0.694, g=0.742
>4, 156/234, d=0.688, g=0.736
>4, 157/234, d=0.682, g=0.717
>4, 158/234, d=0.678, g=0.724
>4, 159/234, d=0.687, g=0.707
>4, 160/234, d=0.690, g=0.697
>4, 161/234, d=0.675, g=0.692
>4, 162/234, d=0.697, g=0.697
>4, 163/234, d=0.695, g=0.705
>4, 164/234, d=0.698, g=0.694
>4, 165/234, d=0.700, g=0.707
>4, 166/234, d=0.686, g=0.719
>4, 167/234, d=0.686, g=0.726
>4, 168/234, d=0.688, g=0.718
>4, 169/234, d=0.679, g=0.731
>4, 170/234, d=0.688, g=0.737
>4, 171/234, d=0.682, g=0.729
>4, 172/234, d=0.683, g=0.710
>4, 173/234, d=0.689, g=0.700
>4, 174/234, d=0.681, g=0.707
>4, 175/234, d=0.674, g=0.688
>4, 176/234, d=0.696, g=0.681
>4, 177/234, d=0.688, g=0.676
>4, 178/234, d=0.677, g=0.702
>4, 179/234, d=0.694, g=0.712
>4, 180/234, d=0.690, g=0.738
>4, 181/234, d=0.682, g=0.733
>4, 182/234, d=0.683, g=0.755
>4, 183/234, d=0.690, g=0.741
>4, 184/234, d=0.690, g=0.723
>4, 185/234, d=0.680, g=0.720
>4, 186/234, d=0.679, g=0.705
>4, 187/234, d=0.684, g=0.704
>4, 188/234, d=0.675, g=0.695
>4, 189/234, d=0.682, g=0.693
>4, 190/234, d=0.683, g=0.711
>4, 191/234, d=0.683, g=0.706
>4, 192/234, d=0.684, g=0.736
>4, 193/234, d=0.674, g=0.767
>4, 194/234, d=0.664, g=0.765
>4, 195/234, d=0.677, g=0.783
>4, 196/234, d=0.677, g=0.762
>4, 197/234, d=0.674, g=0.738
>4, 198/234, d=0.678, g=0.737
>4, 199/234, d=0.683, g=0.725
>4, 200/234, d=0.676, g=0.708
>4, 201/234, d=0.667, g=0.692
>4, 202/234, d=0.686, g=0.681
>4, 203/234, d=0.672, g=0.691
>4, 204/234, d=0.671, g=0.691
>4, 205/234, d=0.676, g=0.708
>4, 206/234, d=0.683, g=0.717
>4, 207/234, d=0.690, g=0.741
>4, 208/234, d=0.681, g=0.756
>4, 209/234, d=0.678, g=0.762
>4, 210/234, d=0.681, g=0.745
>4, 211/234, d=0.681, g=0.734
>4, 212/234, d=0.698, g=0.720
>4, 213/234, d=0.688, g=0.698
>4, 214/234, d=0.695, g=0.690
>4, 215/234, d=0.695, g=0.675
>4, 216/234, d=0.691, g=0.675
>4, 217/234, d=0.700, g=0.672
>4, 218/234, d=0.706, g=0.683
>4, 219/234, d=0.709, g=0.698
>4, 220/234, d=0.721, g=0.706
>4, 221/234, d=0.705, g=0.713
>4, 222/234, d=0.704, g=0.703
>4, 223/234, d=0.720, g=0.708
>4, 224/234, d=0.718, g=0.695
>4, 225/234, d=0.716, g=0.679
>4, 226/234, d=0.720, g=0.672
>4, 227/234, d=0.713, g=0.663
>4, 228/234, d=0.718, g=0.665
>4, 229/234, d=0.734, g=0.686
>4, 230/234, d=0.725, g=0.713
>4, 231/234, d=0.721, g=0.741
>4, 232/234, d=0.704, g=0.759
>4, 233/234, d=0.700, g=0.769
>4, 234/234, d=0.692, g=0.789
>5, 1/234, d=0.688, g=0.786
>5, 2/234, d=0.680, g=0.780
>5, 3/234, d=0.664, g=0.766
>5, 4/234, d=0.648, g=0.759
>5, 5/234, d=0.649, g=0.769
>5, 6/234, d=0.636, g=0.776
>5, 7/234, d=0.631, g=0.772
>5, 8/234, d=0.626, g=0.766
>5, 9/234, d=0.638, g=0.766
>5, 10/234, d=0.642, g=0.768
>5, 11/234, d=0.650, g=0.764
>5, 12/234, d=0.655, g=0.793
>5, 13/234, d=0.668, g=0.841
>5, 14/234, d=0.663, g=0.899
>5, 15/234, d=0.657, g=0.915
>5, 16/234, d=0.685, g=0.859
>5, 17/234, d=0.686, g=0.798
>5, 18/234, d=0.697, g=0.720
>5, 19/234, d=0.694, g=0.688
>5, 20/234, d=0.685, g=0.674
>5, 21/234, d=0.680, g=0.654
>5, 22/234, d=0.683, g=0.616
>5, 23/234, d=0.695, g=0.613
>5, 24/234, d=0.712, g=0.591
>5, 25/234, d=0.724, g=0.641
>5, 26/234, d=0.721, g=0.718
>5, 27/234, d=0.708, g=0.813
>5, 28/234, d=0.699, g=0.866
>5, 29/234, d=0.728, g=0.828
>5, 30/234, d=0.725, g=0.763
>5, 31/234, d=0.749, g=0.704
>5, 32/234, d=0.736, g=0.656
>5, 33/234, d=0.740, g=0.621
>5, 34/234, d=0.748, g=0.606
>5, 35/234, d=0.766, g=0.584
>5, 36/234, d=0.767, g=0.597
>5, 37/234, d=0.776, g=0.604
>5, 38/234, d=0.780, g=0.643
>5, 39/234, d=0.791, g=0.681
>5, 40/234, d=0.772, g=0.717
>5, 41/234, d=0.777, g=0.737
>5, 42/234, d=0.759, g=0.743
>5, 43/234, d=0.750, g=0.757
>5, 44/234, d=0.724, g=0.781
>5, 45/234, d=0.703, g=0.804
>5, 46/234, d=0.687, g=0.811
>5, 47/234, d=0.662, g=0.830
>5, 48/234, d=0.645, g=0.831
>5, 49/234, d=0.636, g=0.835
>5, 50/234, d=0.601, g=0.834
>5, 51/234, d=0.605, g=0.824
>5, 52/234, d=0.594, g=0.813
>5, 53/234, d=0.586, g=0.787
>5, 54/234, d=0.582, g=0.769
>5, 55/234, d=0.571, g=0.773
>5, 56/234, d=0.553, g=0.782
>5, 57/234, d=0.531, g=0.799
>5, 58/234, d=0.502, g=0.825
>5, 59/234, d=0.494, g=0.853
>5, 60/234, d=0.474, g=0.861
>5, 61/234, d=0.486, g=0.826
>5, 62/234, d=0.543, g=0.733
>5, 63/234, d=0.603, g=0.646
>5, 64/234, d=0.725, g=0.679
>5, 65/234, d=0.830, g=0.821
>5, 66/234, d=0.797, g=1.221
>5, 67/234, d=0.683, g=1.727
>5, 68/234, d=0.667, g=1.802
>5, 69/234, d=0.646, g=1.642
>5, 70/234, d=0.632, g=1.384
>5, 71/234, d=0.651, g=1.133
>5, 72/234, d=0.672, g=0.908
>5, 73/234, d=0.680, g=0.835
>5, 74/234, d=0.712, g=0.724
>5, 75/234, d=0.730, g=0.646
>5, 76/234, d=0.757, g=0.618
>5, 77/234, d=0.773, g=0.565
>5, 78/234, d=0.785, g=0.544
>5, 79/234, d=0.803, g=0.526
>5, 80/234, d=0.816, g=0.524
>5, 81/234, d=0.821, g=0.523
>5, 82/234, d=0.845, g=0.522
>5, 83/234, d=0.848, g=0.555
>5, 84/234, d=0.860, g=0.557
>5, 85/234, d=0.843, g=0.575
>5, 86/234, d=0.839, g=0.590
>5, 87/234, d=0.823, g=0.605
>5, 88/234, d=0.798, g=0.634
>5, 89/234, d=0.788, g=0.648
>5, 90/234, d=0.767, g=0.682
>5, 91/234, d=0.748, g=0.707
>5, 92/234, d=0.718, g=0.723
>5, 93/234, d=0.714, g=0.749
>5, 94/234, d=0.707, g=0.771
>5, 95/234, d=0.687, g=0.784
>5, 96/234, d=0.671, g=0.780
>5, 97/234, d=0.672, g=0.795
>5, 98/234, d=0.657, g=0.787
>5, 99/234, d=0.651, g=0.783
>5, 100/234, d=0.642, g=0.781
>5, 101/234, d=0.635, g=0.773
>5, 102/234, d=0.630, g=0.752
>5, 103/234, d=0.622, g=0.755
>5, 104/234, d=0.637, g=0.745
>5, 105/234, d=0.627, g=0.729
>5, 106/234, d=0.644, g=0.713
>5, 107/234, d=0.651, g=0.695
>5, 108/234, d=0.663, g=0.681
>5, 109/234, d=0.693, g=0.720
>5, 110/234, d=0.699, g=0.769
>5, 111/234, d=0.675, g=0.830
>5, 112/234, d=0.682, g=0.876
>5, 113/234, d=0.669, g=0.907
>5, 114/234, d=0.675, g=0.925
>5, 115/234, d=0.671, g=0.898
>5, 116/234, d=0.679, g=0.838
>5, 117/234, d=0.700, g=0.814
>5, 118/234, d=0.705, g=0.759
>5, 119/234, d=0.696, g=0.720
>5, 120/234, d=0.695, g=0.706
>5, 121/234, d=0.693, g=0.693
>5, 122/234, d=0.697, g=0.669
>5, 123/234, d=0.687, g=0.661
>5, 124/234, d=0.685, g=0.658
>5, 125/234, d=0.680, g=0.657
>5, 126/234, d=0.700, g=0.650
>5, 127/234, d=0.697, g=0.669
>5, 128/234, d=0.688, g=0.680
>5, 129/234, d=0.694, g=0.713
>5, 130/234, d=0.699, g=0.733
>5, 131/234, d=0.687, g=0.745
>5, 132/234, d=0.676, g=0.756
>5, 133/234, d=0.693, g=0.774
>5, 134/234, d=0.689, g=0.754
>5, 135/234, d=0.692, g=0.754
>5, 136/234, d=0.697, g=0.748
>5, 137/234, d=0.699, g=0.733
>5, 138/234, d=0.689, g=0.718
>5, 139/234, d=0.694, g=0.720
>5, 140/234, d=0.702, g=0.699
>5, 141/234, d=0.688, g=0.695
>5, 142/234, d=0.684, g=0.687
>5, 143/234, d=0.690, g=0.674
>5, 144/234, d=0.689, g=0.681
>5, 145/234, d=0.688, g=0.681
>5, 146/234, d=0.685, g=0.682
>5, 147/234, d=0.691, g=0.694
>5, 148/234, d=0.698, g=0.716
>5, 149/234, d=0.698, g=0.708
>5, 150/234, d=0.703, g=0.730
>5, 151/234, d=0.696, g=0.737
>5, 152/234, d=0.697, g=0.728
>5, 153/234, d=0.707, g=0.740
>5, 154/234, d=0.683, g=0.728
>5, 155/234, d=0.693, g=0.737
>5, 156/234, d=0.691, g=0.729
>5, 157/234, d=0.687, g=0.705
>5, 158/234, d=0.700, g=0.717
>5, 159/234, d=0.687, g=0.706
>5, 160/234, d=0.691, g=0.706
>5, 161/234, d=0.693, g=0.702
>5, 162/234, d=0.682, g=0.697
>5, 163/234, d=0.702, g=0.704
>5, 164/234, d=0.675, g=0.696
>5, 165/234, d=0.691, g=0.699
>5, 166/234, d=0.688, g=0.713
>5, 167/234, d=0.702, g=0.725
>5, 168/234, d=0.688, g=0.743
>5, 169/234, d=0.677, g=0.768
>5, 170/234, d=0.680, g=0.778
>5, 171/234, d=0.675, g=0.771
>5, 172/234, d=0.693, g=0.764
>5, 173/234, d=0.682, g=0.763
>5, 174/234, d=0.687, g=0.740
>5, 175/234, d=0.685, g=0.720
>5, 176/234, d=0.687, g=0.712
>5, 177/234, d=0.693, g=0.706
>5, 178/234, d=0.688, g=0.694
>5, 179/234, d=0.690, g=0.692
>5, 180/234, d=0.689, g=0.686
>5, 181/234, d=0.688, g=0.676
>5, 182/234, d=0.690, g=0.675
>5, 183/234, d=0.691, g=0.679
>5, 184/234, d=0.688, g=0.686
>5, 185/234, d=0.688, g=0.697
>5, 186/234, d=0.684, g=0.705
>5, 187/234, d=0.694, g=0.706
>5, 188/234, d=0.695, g=0.725
>5, 189/234, d=0.698, g=0.720
>5, 190/234, d=0.695, g=0.737
>5, 191/234, d=0.694, g=0.725
>5, 192/234, d=0.691, g=0.737
>5, 193/234, d=0.684, g=0.719
>5, 194/234, d=0.692, g=0.724
>5, 195/234, d=0.689, g=0.726
>5, 196/234, d=0.690, g=0.721
>5, 197/234, d=0.684, g=0.704
>5, 198/234, d=0.689, g=0.700
>5, 199/234, d=0.687, g=0.701
>5, 200/234, d=0.692, g=0.687
>5, 201/234, d=0.689, g=0.676
>5, 202/234, d=0.688, g=0.684
>5, 203/234, d=0.690, g=0.675
>5, 204/234, d=0.692, g=0.685
>5, 205/234, d=0.685, g=0.680
>5, 206/234, d=0.688, g=0.686
>5, 207/234, d=0.700, g=0.696
>5, 208/234, d=0.693, g=0.714
>5, 209/234, d=0.695, g=0.719
>5, 210/234, d=0.694, g=0.720
>5, 211/234, d=0.691, g=0.729
>5, 212/234, d=0.690, g=0.737
>5, 213/234, d=0.692, g=0.737
>5, 214/234, d=0.686, g=0.737
>5, 215/234, d=0.683, g=0.738
>5, 216/234, d=0.696, g=0.725
>5, 217/234, d=0.695, g=0.718
>5, 218/234, d=0.691, g=0.714
>5, 219/234, d=0.700, g=0.712
>5, 220/234, d=0.684, g=0.696
>5, 221/234, d=0.694, g=0.694
>5, 222/234, d=0.704, g=0.687
>5, 223/234, d=0.687, g=0.708
>5, 224/234, d=0.700, g=0.705
>5, 225/234, d=0.682, g=0.722
>5, 226/234, d=0.687, g=0.719
>5, 227/234, d=0.696, g=0.728
>5, 228/234, d=0.694, g=0.753
>5, 229/234, d=0.691, g=0.753
>5, 230/234, d=0.702, g=0.751
>5, 231/234, d=0.697, g=0.747
>5, 232/234, d=0.686, g=0.746
>5, 233/234, d=0.690, g=0.744
>5, 234/234, d=0.702, g=0.725
>6, 1/234, d=0.704, g=0.716
>6, 2/234, d=0.695, g=0.717
>6, 3/234, d=0.698, g=0.694
>6, 4/234, d=0.694, g=0.700
>6, 5/234, d=0.699, g=0.691
>6, 6/234, d=0.694, g=0.680
>6, 7/234, d=0.695, g=0.685
>6, 8/234, d=0.692, g=0.679
>6, 9/234, d=0.692, g=0.684
>6, 10/234, d=0.688, g=0.689
>6, 11/234, d=0.696, g=0.694
>6, 12/234, d=0.693, g=0.714
>6, 13/234, d=0.688, g=0.734
>6, 14/234, d=0.683, g=0.747
>6, 15/234, d=0.693, g=0.752
>6, 16/234, d=0.679, g=0.760
>6, 17/234, d=0.678, g=0.754
>6, 18/234, d=0.681, g=0.764
>6, 19/234, d=0.688, g=0.745
>6, 20/234, d=0.677, g=0.739
>6, 21/234, d=0.690, g=0.721
>6, 22/234, d=0.684, g=0.714
>6, 23/234, d=0.676, g=0.706
>6, 24/234, d=0.673, g=0.695
>6, 25/234, d=0.682, g=0.691
>6, 26/234, d=0.671, g=0.687
>6, 27/234, d=0.671, g=0.690
>6, 28/234, d=0.675, g=0.687
>6, 29/234, d=0.683, g=0.701
>6, 30/234, d=0.680, g=0.702
>6, 31/234, d=0.677, g=0.719
>6, 32/234, d=0.676, g=0.744
>6, 33/234, d=0.676, g=0.751
>6, 34/234, d=0.671, g=0.765
>6, 35/234, d=0.663, g=0.783
>6, 36/234, d=0.669, g=0.784
>6, 37/234, d=0.674, g=0.767
>6, 38/234, d=0.683, g=0.757
>6, 39/234, d=0.674, g=0.754
>6, 40/234, d=0.676, g=0.726
>6, 41/234, d=0.681, g=0.714
>6, 42/234, d=0.681, g=0.697
>6, 43/234, d=0.673, g=0.685
>6, 44/234, d=0.687, g=0.669
>6, 45/234, d=0.678, g=0.668
>6, 46/234, d=0.680, g=0.665
>6, 47/234, d=0.682, g=0.665
>6, 48/234, d=0.691, g=0.673
>6, 49/234, d=0.696, g=0.679
>6, 50/234, d=0.694, g=0.694
>6, 51/234, d=0.692, g=0.727
>6, 52/234, d=0.691, g=0.746
>6, 53/234, d=0.688, g=0.764
>6, 54/234, d=0.691, g=0.750
>6, 55/234, d=0.699, g=0.742
>6, 56/234, d=0.707, g=0.730
>6, 57/234, d=0.703, g=0.708
>6, 58/234, d=0.694, g=0.693
>6, 59/234, d=0.704, g=0.694
>6, 60/234, d=0.693, g=0.684
>6, 61/234, d=0.695, g=0.664
>6, 62/234, d=0.690, g=0.661
>6, 63/234, d=0.695, g=0.660
>6, 64/234, d=0.693, g=0.651
>6, 65/234, d=0.704, g=0.663
>6, 66/234, d=0.698, g=0.678
>6, 67/234, d=0.683, g=0.697
>6, 68/234, d=0.685, g=0.732
>6, 69/234, d=0.691, g=0.748
>6, 70/234, d=0.692, g=0.783
>6, 71/234, d=0.676, g=0.792
>6, 72/234, d=0.687, g=0.781
>6, 73/234, d=0.691, g=0.768
>6, 74/234, d=0.693, g=0.740
>6, 75/234, d=0.686, g=0.725
>6, 76/234, d=0.691, g=0.706
>6, 77/234, d=0.673, g=0.698
>6, 78/234, d=0.676, g=0.691
>6, 79/234, d=0.666, g=0.678
>6, 80/234, d=0.669, g=0.662
>6, 81/234, d=0.666, g=0.665
>6, 82/234, d=0.674, g=0.646
>6, 83/234, d=0.688, g=0.651
>6, 84/234, d=0.681, g=0.672
>6, 85/234, d=0.688, g=0.714
>6, 86/234, d=0.684, g=0.763
>6, 87/234, d=0.675, g=0.829
>6, 88/234, d=0.656, g=0.899
>6, 89/234, d=0.652, g=0.912
>6, 90/234, d=0.659, g=0.898
>6, 91/234, d=0.683, g=0.844
>6, 92/234, d=0.670, g=0.776
>6, 93/234, d=0.686, g=0.734
>6, 94/234, d=0.686, g=0.701
>6, 95/234, d=0.685, g=0.692
>6, 96/234, d=0.669, g=0.678
>6, 97/234, d=0.661, g=0.677
>6, 98/234, d=0.654, g=0.660
>6, 99/234, d=0.658, g=0.642
>6, 100/234, d=0.666, g=0.630
>6, 101/234, d=0.667, g=0.608
>6, 102/234, d=0.694, g=0.602
>6, 103/234, d=0.696, g=0.638
>6, 104/234, d=0.716, g=0.692
>6, 105/234, d=0.692, g=0.797
>6, 106/234, d=0.690, g=0.872
>6, 107/234, d=0.667, g=0.925
>6, 108/234, d=0.664, g=0.934
>6, 109/234, d=0.666, g=0.882
>6, 110/234, d=0.696, g=0.817
>6, 111/234, d=0.698, g=0.754
>6, 112/234, d=0.704, g=0.707
>6, 113/234, d=0.703, g=0.679
>6, 114/234, d=0.686, g=0.673
>6, 115/234, d=0.686, g=0.652
>6, 116/234, d=0.676, g=0.649
>6, 117/234, d=0.669, g=0.641
>6, 118/234, d=0.676, g=0.628
>6, 119/234, d=0.685, g=0.610
>6, 120/234, d=0.708, g=0.613
>6, 121/234, d=0.716, g=0.636
>6, 122/234, d=0.708, g=0.678
>6, 123/234, d=0.708, g=0.718
>6, 124/234, d=0.691, g=0.778
>6, 125/234, d=0.672, g=0.812
>6, 126/234, d=0.688, g=0.817
>6, 127/234, d=0.692, g=0.826
>6, 128/234, d=0.677, g=0.823
>6, 129/234, d=0.690, g=0.779
>6, 130/234, d=0.694, g=0.744
>6, 131/234, d=0.705, g=0.707
>6, 132/234, d=0.696, g=0.697
>6, 133/234, d=0.689, g=0.691
>6, 134/234, d=0.690, g=0.671
>6, 135/234, d=0.692, g=0.672
>6, 136/234, d=0.684, g=0.662
>6, 137/234, d=0.679, g=0.649
>6, 138/234, d=0.688, g=0.647
>6, 139/234, d=0.695, g=0.661
>6, 140/234, d=0.697, g=0.672
>6, 141/234, d=0.696, g=0.695
>6, 142/234, d=0.694, g=0.722
>6, 143/234, d=0.688, g=0.767
>6, 144/234, d=0.686, g=0.771
>6, 145/234, d=0.685, g=0.797
>6, 146/234, d=0.686, g=0.786
>6, 147/234, d=0.677, g=0.776
>6, 148/234, d=0.691, g=0.761
>6, 149/234, d=0.693, g=0.742
>6, 150/234, d=0.688, g=0.730
>6, 151/234, d=0.685, g=0.716
>6, 152/234, d=0.689, g=0.712
>6, 153/234, d=0.682, g=0.697
>6, 154/234, d=0.669, g=0.688
>6, 155/234, d=0.666, g=0.684
>6, 156/234, d=0.689, g=0.682
>6, 157/234, d=0.684, g=0.688
>6, 158/234, d=0.689, g=0.682
>6, 159/234, d=0.692, g=0.691
>6, 160/234, d=0.686, g=0.710
>6, 161/234, d=0.686, g=0.736
>6, 162/234, d=0.680, g=0.742
>6, 163/234, d=0.691, g=0.759
>6, 164/234, d=0.679, g=0.758
>6, 165/234, d=0.685, g=0.745
>6, 166/234, d=0.685, g=0.744
>6, 167/234, d=0.696, g=0.721
>6, 168/234, d=0.695, g=0.703
>6, 169/234, d=0.691, g=0.701
>6, 170/234, d=0.690, g=0.681
>6, 171/234, d=0.684, g=0.679
>6, 172/234, d=0.692, g=0.676
>6, 173/234, d=0.693, g=0.677
>6, 174/234, d=0.699, g=0.669
>6, 175/234, d=0.693, g=0.674
>6, 176/234, d=0.703, g=0.687
>6, 177/234, d=0.702, g=0.688
>6, 178/234, d=0.709, g=0.712
>6, 179/234, d=0.700, g=0.698
>6, 180/234, d=0.700, g=0.712
>6, 181/234, d=0.698, g=0.720
>6, 182/234, d=0.700, g=0.702
>6, 183/234, d=0.698, g=0.702
>6, 184/234, d=0.706, g=0.698
>6, 185/234, d=0.704, g=0.693
>6, 186/234, d=0.697, g=0.692
>6, 187/234, d=0.700, g=0.689
>6, 188/234, d=0.700, g=0.682
>6, 189/234, d=0.695, g=0.677
>6, 190/234, d=0.696, g=0.684
>6, 191/234, d=0.691, g=0.689
>6, 192/234, d=0.688, g=0.697
>6, 193/234, d=0.693, g=0.702
>6, 194/234, d=0.692, g=0.710
>6, 195/234, d=0.684, g=0.710
>6, 196/234, d=0.686, g=0.721
>6, 197/234, d=0.691, g=0.722
>6, 198/234, d=0.689, g=0.723
>6, 199/234, d=0.683, g=0.728
>6, 200/234, d=0.679, g=0.724
>6, 201/234, d=0.683, g=0.715
>6, 202/234, d=0.676, g=0.715
>6, 203/234, d=0.685, g=0.704
>6, 204/234, d=0.683, g=0.698
>6, 205/234, d=0.683, g=0.702
>6, 206/234, d=0.680, g=0.701
>6, 207/234, d=0.679, g=0.701
>6, 208/234, d=0.682, g=0.699
>6, 209/234, d=0.684, g=0.703
>6, 210/234, d=0.670, g=0.709
>6, 211/234, d=0.681, g=0.717
>6, 212/234, d=0.677, g=0.736
>6, 213/234, d=0.679, g=0.726
>6, 214/234, d=0.686, g=0.727
>6, 215/234, d=0.695, g=0.706
>6, 216/234, d=0.688, g=0.696
>6, 217/234, d=0.682, g=0.698
>6, 218/234, d=0.694, g=0.682
>6, 219/234, d=0.690, g=0.683
>6, 220/234, d=0.690, g=0.682
>6, 221/234, d=0.691, g=0.679
>6, 222/234, d=0.700, g=0.693
>6, 223/234, d=0.693, g=0.689
>6, 224/234, d=0.699, g=0.694
>6, 225/234, d=0.700, g=0.690
>6, 226/234, d=0.708, g=0.706
>6, 227/234, d=0.703, g=0.701
>6, 228/234, d=0.704, g=0.700
>6, 229/234, d=0.695, g=0.694
>6, 230/234, d=0.707, g=0.699
>6, 231/234, d=0.697, g=0.705
>6, 232/234, d=0.702, g=0.711
>6, 233/234, d=0.705, g=0.705
>6, 234/234, d=0.697, g=0.705
>7, 1/234, d=0.701, g=0.707
>7, 2/234, d=0.695, g=0.692
>7, 3/234, d=0.704, g=0.699
>7, 4/234, d=0.705, g=0.683
>7, 5/234, d=0.691, g=0.694
>7, 6/234, d=0.697, g=0.697
>7, 7/234, d=0.692, g=0.689
>7, 8/234, d=0.690, g=0.701
>7, 9/234, d=0.693, g=0.702
>7, 10/234, d=0.690, g=0.709
>7, 11/234, d=0.687, g=0.713
>7, 12/234, d=0.690, g=0.727
>7, 13/234, d=0.694, g=0.725
>7, 14/234, d=0.690, g=0.735
>7, 15/234, d=0.687, g=0.725
>7, 16/234, d=0.689, g=0.718
>7, 17/234, d=0.682, g=0.704
>7, 18/234, d=0.681, g=0.713
>7, 19/234, d=0.684, g=0.693
>7, 20/234, d=0.689, g=0.699
>7, 21/234, d=0.692, g=0.690
>7, 22/234, d=0.688, g=0.689
>7, 23/234, d=0.689, g=0.687
>7, 24/234, d=0.691, g=0.687
>7, 25/234, d=0.692, g=0.690
>7, 26/234, d=0.690, g=0.697
>7, 27/234, d=0.697, g=0.705
>7, 28/234, d=0.683, g=0.706
>7, 29/234, d=0.696, g=0.719
>7, 30/234, d=0.694, g=0.707
>7, 31/234, d=0.696, g=0.717
>7, 32/234, d=0.691, g=0.712
>7, 33/234, d=0.701, g=0.712
>7, 34/234, d=0.692, g=0.696
>7, 35/234, d=0.700, g=0.693
>7, 36/234, d=0.699, g=0.680
>7, 37/234, d=0.698, g=0.683
>7, 38/234, d=0.693, g=0.668
>7, 39/234, d=0.705, g=0.668
>7, 40/234, d=0.700, g=0.671
>7, 41/234, d=0.697, g=0.673
>7, 42/234, d=0.715, g=0.679
>7, 43/234, d=0.706, g=0.684
>7, 44/234, d=0.702, g=0.698
>7, 45/234, d=0.707, g=0.703
>7, 46/234, d=0.701, g=0.709
>7, 47/234, d=0.707, g=0.705
>7, 48/234, d=0.697, g=0.697
>7, 49/234, d=0.699, g=0.694
>7, 50/234, d=0.704, g=0.686
>7, 51/234, d=0.696, g=0.676
>7, 52/234, d=0.691, g=0.675
>7, 53/234, d=0.698, g=0.672
>7, 54/234, d=0.689, g=0.666
>7, 55/234, d=0.681, g=0.670
>7, 56/234, d=0.695, g=0.688
>7, 57/234, d=0.691, g=0.689
>7, 58/234, d=0.693, g=0.709
>7, 59/234, d=0.686, g=0.713
>7, 60/234, d=0.684, g=0.725
>7, 61/234, d=0.692, g=0.712
>7, 62/234, d=0.701, g=0.699
>7, 63/234, d=0.693, g=0.696
>7, 64/234, d=0.700, g=0.691
>7, 65/234, d=0.694, g=0.675
>7, 66/234, d=0.695, g=0.668
>7, 67/234, d=0.703, g=0.660
>7, 68/234, d=0.700, g=0.658
>7, 69/234, d=0.701, g=0.668
>7, 70/234, d=0.702, g=0.670
>7, 71/234, d=0.708, g=0.681
>7, 72/234, d=0.698, g=0.692
>7, 73/234, d=0.705, g=0.697
>7, 74/234, d=0.702, g=0.700
>7, 75/234, d=0.695, g=0.705
>7, 76/234, d=0.699, g=0.699
>7, 77/234, d=0.705, g=0.699
>7, 78/234, d=0.701, g=0.688
>7, 79/234, d=0.696, g=0.693
>7, 80/234, d=0.696, g=0.686
>7, 81/234, d=0.695, g=0.686
>7, 82/234, d=0.695, g=0.692
>7, 83/234, d=0.692, g=0.692
>7, 84/234, d=0.691, g=0.703
>7, 85/234, d=0.695, g=0.710
>7, 86/234, d=0.690, g=0.724
>7, 87/234, d=0.691, g=0.728
>7, 88/234, d=0.684, g=0.717
>7, 89/234, d=0.687, g=0.715
>7, 90/234, d=0.679, g=0.717
>7, 91/234, d=0.682, g=0.710
>7, 92/234, d=0.681, g=0.703
>7, 93/234, d=0.672, g=0.712
>7, 94/234, d=0.681, g=0.701
>7, 95/234, d=0.679, g=0.702
>7, 96/234, d=0.686, g=0.705
>7, 97/234, d=0.681, g=0.703
>7, 98/234, d=0.679, g=0.704
>7, 99/234, d=0.680, g=0.709
>7, 100/234, d=0.684, g=0.708
>7, 101/234, d=0.680, g=0.721
>7, 102/234, d=0.680, g=0.725
>7, 103/234, d=0.693, g=0.713
>7, 104/234, d=0.692, g=0.693
>7, 105/234, d=0.685, g=0.691
>7, 106/234, d=0.691, g=0.690
>7, 107/234, d=0.689, g=0.687
>7, 108/234, d=0.692, g=0.682
>7, 109/234, d=0.690, g=0.680
>7, 110/234, d=0.691, g=0.668
>7, 111/234, d=0.690, g=0.671
>7, 112/234, d=0.695, g=0.675
>7, 113/234, d=0.697, g=0.676
>7, 114/234, d=0.698, g=0.679
>7, 115/234, d=0.694, g=0.691
>7, 116/234, d=0.698, g=0.700
>7, 117/234, d=0.694, g=0.704
>7, 118/234, d=0.696, g=0.713
>7, 119/234, d=0.696, g=0.696
>7, 120/234, d=0.697, g=0.698
>7, 121/234, d=0.697, g=0.684
>7, 122/234, d=0.703, g=0.682
>7, 123/234, d=0.698, g=0.671
>7, 124/234, d=0.690, g=0.669
>7, 125/234, d=0.698, g=0.677
>7, 126/234, d=0.701, g=0.685
>7, 127/234, d=0.685, g=0.692
>7, 128/234, d=0.687, g=0.696
>7, 129/234, d=0.693, g=0.703
>7, 130/234, d=0.692, g=0.709
>7, 131/234, d=0.689, g=0.717
>7, 132/234, d=0.683, g=0.718
>7, 133/234, d=0.681, g=0.717
>7, 134/234, d=0.678, g=0.716
>7, 135/234, d=0.679, g=0.714
>7, 136/234, d=0.669, g=0.708
>7, 137/234, d=0.673, g=0.700
>7, 138/234, d=0.671, g=0.700
>7, 139/234, d=0.668, g=0.697
>7, 140/234, d=0.673, g=0.702
>7, 141/234, d=0.672, g=0.707
>7, 142/234, d=0.669, g=0.702
>7, 143/234, d=0.674, g=0.714
>7, 144/234, d=0.679, g=0.726
>7, 145/234, d=0.685, g=0.734
>7, 146/234, d=0.684, g=0.721
>7, 147/234, d=0.680, g=0.723
>7, 148/234, d=0.686, g=0.717
>7, 149/234, d=0.692, g=0.694
>7, 150/234, d=0.689, g=0.681
>7, 151/234, d=0.688, g=0.673
>7, 152/234, d=0.682, g=0.668
>7, 153/234, d=0.693, g=0.655
>7, 154/234, d=0.697, g=0.658
>7, 155/234, d=0.698, g=0.651
>7, 156/234, d=0.708, g=0.652
>7, 157/234, d=0.698, g=0.666
>7, 158/234, d=0.706, g=0.675
>7, 159/234, d=0.704, g=0.698
>7, 160/234, d=0.695, g=0.702
>7, 161/234, d=0.702, g=0.709
>7, 162/234, d=0.700, g=0.700
>7, 163/234, d=0.701, g=0.694
>7, 164/234, d=0.703, g=0.688
>7, 165/234, d=0.701, g=0.680
>7, 166/234, d=0.694, g=0.683
>7, 167/234, d=0.703, g=0.684
>7, 168/234, d=0.694, g=0.683
>7, 169/234, d=0.695, g=0.685
>7, 170/234, d=0.712, g=0.683
>7, 171/234, d=0.701, g=0.697
>7, 172/234, d=0.696, g=0.698
>7, 173/234, d=0.683, g=0.714
>7, 174/234, d=0.690, g=0.718
>7, 175/234, d=0.688, g=0.727
>7, 176/234, d=0.687, g=0.729
>7, 177/234, d=0.685, g=0.728
>7, 178/234, d=0.686, g=0.727
>7, 179/234, d=0.684, g=0.717
>7, 180/234, d=0.680, g=0.711
>7, 181/234, d=0.693, g=0.712
>7, 182/234, d=0.679, g=0.699
>7, 183/234, d=0.690, g=0.691
>7, 184/234, d=0.687, g=0.694
>7, 185/234, d=0.687, g=0.689
>7, 186/234, d=0.683, g=0.686
>7, 187/234, d=0.688, g=0.703
>7, 188/234, d=0.687, g=0.714
>7, 189/234, d=0.691, g=0.714
>7, 190/234, d=0.691, g=0.736
>7, 191/234, d=0.679, g=0.737
>7, 192/234, d=0.676, g=0.747
>7, 193/234, d=0.686, g=0.731
>7, 194/234, d=0.687, g=0.724
>7, 195/234, d=0.681, g=0.719
>7, 196/234, d=0.686, g=0.709
>7, 197/234, d=0.691, g=0.693
>7, 198/234, d=0.695, g=0.687
>7, 199/234, d=0.693, g=0.678
>7, 200/234, d=0.688, g=0.672
>7, 201/234, d=0.688, g=0.666
>7, 202/234, d=0.696, g=0.670
>7, 203/234, d=0.696, g=0.685
>7, 204/234, d=0.695, g=0.701
>7, 205/234, d=0.695, g=0.719
>7, 206/234, d=0.695, g=0.732
>7, 207/234, d=0.688, g=0.741
>7, 208/234, d=0.694, g=0.739
>7, 209/234, d=0.684, g=0.735
>7, 210/234, d=0.706, g=0.709
>7, 211/234, d=0.696, g=0.705
>7, 212/234, d=0.693, g=0.689
>7, 213/234, d=0.693, g=0.677
>7, 214/234, d=0.689, g=0.668
>7, 215/234, d=0.684, g=0.660
>7, 216/234, d=0.687, g=0.663
>7, 217/234, d=0.694, g=0.667
>7, 218/234, d=0.694, g=0.681
>7, 219/234, d=0.686, g=0.693
>7, 220/234, d=0.686, g=0.710
>7, 221/234, d=0.687, g=0.727
>7, 222/234, d=0.693, g=0.728
>7, 223/234, d=0.694, g=0.726
>7, 224/234, d=0.694, g=0.721
>7, 225/234, d=0.690, g=0.704
>7, 226/234, d=0.699, g=0.688
>7, 227/234, d=0.689, g=0.674
>7, 228/234, d=0.689, g=0.676
>7, 229/234, d=0.694, g=0.657
>7, 230/234, d=0.695, g=0.657
>7, 231/234, d=0.695, g=0.663
>7, 232/234, d=0.688, g=0.657
>7, 233/234, d=0.689, g=0.679
>7, 234/234, d=0.696, g=0.698
>8, 1/234, d=0.693, g=0.711
>8, 2/234, d=0.693, g=0.724
>8, 3/234, d=0.691, g=0.730
>8, 4/234, d=0.688, g=0.738
>8, 5/234, d=0.690, g=0.725
>8, 6/234, d=0.688, g=0.715
>8, 7/234, d=0.681, g=0.711
>8, 8/234, d=0.686, g=0.698
>8, 9/234, d=0.680, g=0.697
>8, 10/234, d=0.675, g=0.687
>8, 11/234, d=0.684, g=0.690
>8, 12/234, d=0.686, g=0.683
>8, 13/234, d=0.681, g=0.691
>8, 14/234, d=0.680, g=0.685
>8, 15/234, d=0.683, g=0.702
>8, 16/234, d=0.681, g=0.719
>8, 17/234, d=0.677, g=0.741
>8, 18/234, d=0.677, g=0.763
>8, 19/234, d=0.671, g=0.750
>8, 20/234, d=0.677, g=0.762
>8, 21/234, d=0.691, g=0.738
>8, 22/234, d=0.686, g=0.717
>8, 23/234, d=0.675, g=0.713
>8, 24/234, d=0.679, g=0.705
>8, 25/234, d=0.680, g=0.694
>8, 26/234, d=0.673, g=0.684
>8, 27/234, d=0.676, g=0.676
>8, 28/234, d=0.672, g=0.663
>8, 29/234, d=0.684, g=0.661
>8, 30/234, d=0.686, g=0.658
>8, 31/234, d=0.695, g=0.676
>8, 32/234, d=0.697, g=0.694
>8, 33/234, d=0.694, g=0.721
>8, 34/234, d=0.679, g=0.741
>8, 35/234, d=0.683, g=0.748
>8, 36/234, d=0.691, g=0.743
>8, 37/234, d=0.696, g=0.731
>8, 38/234, d=0.697, g=0.714
>8, 39/234, d=0.695, g=0.704
>8, 40/234, d=0.701, g=0.693
>8, 41/234, d=0.697, g=0.679
>8, 42/234, d=0.699, g=0.674
>8, 43/234, d=0.699, g=0.664
>8, 44/234, d=0.701, g=0.652
>8, 45/234, d=0.694, g=0.655
>8, 46/234, d=0.695, g=0.666
>8, 47/234, d=0.710, g=0.674
>8, 48/234, d=0.706, g=0.696
>8, 49/234, d=0.695, g=0.724
>8, 50/234, d=0.691, g=0.732
>8, 51/234, d=0.696, g=0.743
>8, 52/234, d=0.701, g=0.746
>8, 53/234, d=0.694, g=0.739
>8, 54/234, d=0.696, g=0.734
>8, 55/234, d=0.686, g=0.713
>8, 56/234, d=0.691, g=0.704
>8, 57/234, d=0.684, g=0.701
>8, 58/234, d=0.688, g=0.699
>8, 59/234, d=0.685, g=0.689
>8, 60/234, d=0.684, g=0.694
>8, 61/234, d=0.679, g=0.702
>8, 62/234, d=0.682, g=0.702
>8, 63/234, d=0.689, g=0.725
>8, 64/234, d=0.680, g=0.745
>8, 65/234, d=0.679, g=0.760
>8, 66/234, d=0.674, g=0.762
>8, 67/234, d=0.673, g=0.788
>8, 68/234, d=0.683, g=0.794
>8, 69/234, d=0.674, g=0.787
>8, 70/234, d=0.672, g=0.769
>8, 71/234, d=0.687, g=0.747
>8, 72/234, d=0.679, g=0.736
>8, 73/234, d=0.677, g=0.717
>8, 74/234, d=0.669, g=0.704
>8, 75/234, d=0.671, g=0.691
>8, 76/234, d=0.669, g=0.686
>8, 77/234, d=0.676, g=0.683
>8, 78/234, d=0.672, g=0.691
>8, 79/234, d=0.674, g=0.690
>8, 80/234, d=0.676, g=0.709
>8, 81/234, d=0.676, g=0.738
>8, 82/234, d=0.675, g=0.761
>8, 83/234, d=0.677, g=0.760
>8, 84/234, d=0.668, g=0.784
>8, 85/234, d=0.666, g=0.778
>8, 86/234, d=0.684, g=0.765
>8, 87/234, d=0.693, g=0.738
>8, 88/234, d=0.681, g=0.717
>8, 89/234, d=0.702, g=0.690
>8, 90/234, d=0.692, g=0.679
>8, 91/234, d=0.693, g=0.655
>8, 92/234, d=0.687, g=0.639
>8, 93/234, d=0.677, g=0.631
>8, 94/234, d=0.686, g=0.623
>8, 95/234, d=0.700, g=0.617
>8, 96/234, d=0.705, g=0.628
>8, 97/234, d=0.712, g=0.646
>8, 98/234, d=0.702, g=0.675
>8, 99/234, d=0.703, g=0.716
>8, 100/234, d=0.694, g=0.750
>8, 101/234, d=0.702, g=0.771
>8, 102/234, d=0.707, g=0.765
>8, 103/234, d=0.704, g=0.757
>8, 104/234, d=0.705, g=0.734
>8, 105/234, d=0.711, g=0.709
>8, 106/234, d=0.713, g=0.685
>8, 107/234, d=0.699, g=0.673
>8, 108/234, d=0.697, g=0.657
>8, 109/234, d=0.688, g=0.651
>8, 110/234, d=0.691, g=0.643
>8, 111/234, d=0.697, g=0.644
>8, 112/234, d=0.695, g=0.650
>8, 113/234, d=0.697, g=0.666
>8, 114/234, d=0.696, g=0.694
>8, 115/234, d=0.691, g=0.718
>8, 116/234, d=0.685, g=0.742
>8, 117/234, d=0.682, g=0.760
>8, 118/234, d=0.688, g=0.778
>8, 119/234, d=0.687, g=0.766
>8, 120/234, d=0.692, g=0.753
>8, 121/234, d=0.685, g=0.742
>8, 122/234, d=0.690, g=0.719
>8, 123/234, d=0.690, g=0.707
>8, 124/234, d=0.686, g=0.699
>8, 125/234, d=0.683, g=0.691
>8, 126/234, d=0.687, g=0.684
>8, 127/234, d=0.672, g=0.685
>8, 128/234, d=0.673, g=0.672
>8, 129/234, d=0.668, g=0.680
>8, 130/234, d=0.671, g=0.691
>8, 131/234, d=0.673, g=0.704
>8, 132/234, d=0.670, g=0.729
>8, 133/234, d=0.670, g=0.751
>8, 134/234, d=0.670, g=0.771
>8, 135/234, d=0.666, g=0.783
>8, 136/234, d=0.667, g=0.789
>8, 137/234, d=0.662, g=0.775
>8, 138/234, d=0.674, g=0.755
>8, 139/234, d=0.676, g=0.746
>8, 140/234, d=0.676, g=0.730
>8, 141/234, d=0.674, g=0.708
>8, 142/234, d=0.673, g=0.695
>8, 143/234, d=0.677, g=0.687
>8, 144/234, d=0.682, g=0.667
>8, 145/234, d=0.677, g=0.672
>8, 146/234, d=0.683, g=0.662
>8, 147/234, d=0.697, g=0.658
>8, 148/234, d=0.706, g=0.662
>8, 149/234, d=0.704, g=0.683
>8, 150/234, d=0.698, g=0.701
>8, 151/234, d=0.693, g=0.725
>8, 152/234, d=0.692, g=0.731
>8, 153/234, d=0.697, g=0.724
>8, 154/234, d=0.711, g=0.718
>8, 155/234, d=0.710, g=0.718
>8, 156/234, d=0.712, g=0.701
>8, 157/234, d=0.709, g=0.701
>8, 158/234, d=0.711, g=0.693
>8, 159/234, d=0.711, g=0.694
>8, 160/234, d=0.707, g=0.698
>8, 161/234, d=0.697, g=0.690
>8, 162/234, d=0.697, g=0.700
>8, 163/234, d=0.691, g=0.712
>8, 164/234, d=0.693, g=0.726
>8, 165/234, d=0.682, g=0.740
>8, 166/234, d=0.682, g=0.744
>8, 167/234, d=0.676, g=0.766
>8, 168/234, d=0.682, g=0.785
>8, 169/234, d=0.677, g=0.789
>8, 170/234, d=0.678, g=0.789
>8, 171/234, d=0.673, g=0.777
>8, 172/234, d=0.677, g=0.763
>8, 173/234, d=0.679, g=0.754
>8, 174/234, d=0.675, g=0.733
>8, 175/234, d=0.685, g=0.717
>8, 176/234, d=0.672, g=0.705
>8, 177/234, d=0.685, g=0.692
>8, 178/234, d=0.685, g=0.687
>8, 179/234, d=0.691, g=0.687
>8, 180/234, d=0.700, g=0.691
>8, 181/234, d=0.682, g=0.703
>8, 182/234, d=0.693, g=0.705
>8, 183/234, d=0.692, g=0.723
>8, 184/234, d=0.686, g=0.736
>8, 185/234, d=0.691, g=0.737
>8, 186/234, d=0.691, g=0.746
>8, 187/234, d=0.691, g=0.741
>8, 188/234, d=0.686, g=0.734
>8, 189/234, d=0.695, g=0.713
>8, 190/234, d=0.695, g=0.703
>8, 191/234, d=0.686, g=0.698
>8, 192/234, d=0.689, g=0.684
>8, 193/234, d=0.689, g=0.676
>8, 194/234, d=0.692, g=0.678
>8, 195/234, d=0.681, g=0.669
>8, 196/234, d=0.686, g=0.669
>8, 197/234, d=0.692, g=0.690
>8, 198/234, d=0.691, g=0.701
>8, 199/234, d=0.689, g=0.719
>8, 200/234, d=0.694, g=0.727
>8, 201/234, d=0.690, g=0.732
>8, 202/234, d=0.692, g=0.737
>8, 203/234, d=0.693, g=0.734
>8, 204/234, d=0.693, g=0.727
>8, 205/234, d=0.692, g=0.720
>8, 206/234, d=0.694, g=0.720
>8, 207/234, d=0.690, g=0.711
>8, 208/234, d=0.682, g=0.704
>8, 209/234, d=0.685, g=0.703
>8, 210/234, d=0.680, g=0.709
>8, 211/234, d=0.674, g=0.721
>8, 212/234, d=0.669, g=0.730
>8, 213/234, d=0.674, g=0.743
>8, 214/234, d=0.677, g=0.752
>8, 215/234, d=0.662, g=0.756
>8, 216/234, d=0.672, g=0.772
>8, 217/234, d=0.653, g=0.775
>8, 218/234, d=0.660, g=0.770
>8, 219/234, d=0.659, g=0.777
>8, 220/234, d=0.653, g=0.771
>8, 221/234, d=0.667, g=0.761
>8, 222/234, d=0.666, g=0.740
>8, 223/234, d=0.666, g=0.742
>8, 224/234, d=0.665, g=0.714
>8, 225/234, d=0.672, g=0.710
>8, 226/234, d=0.672, g=0.699
>8, 227/234, d=0.680, g=0.686
>8, 228/234, d=0.681, g=0.672
>8, 229/234, d=0.686, g=0.669
>8, 230/234, d=0.694, g=0.662
>8, 231/234, d=0.693, g=0.660
>8, 232/234, d=0.700, g=0.664
>8, 233/234, d=0.686, g=0.681
>8, 234/234, d=0.698, g=0.694
>9, 1/234, d=0.704, g=0.701
>9, 2/234, d=0.706, g=0.712
>9, 3/234, d=0.716, g=0.713
>9, 4/234, d=0.700, g=0.714
>9, 5/234, d=0.706, g=0.708
>9, 6/234, d=0.709, g=0.699
>9, 7/234, d=0.702, g=0.688
>9, 8/234, d=0.708, g=0.683
>9, 9/234, d=0.699, g=0.670
>9, 10/234, d=0.695, g=0.670
>9, 11/234, d=0.697, g=0.675
>9, 12/234, d=0.699, g=0.676
>9, 13/234, d=0.703, g=0.683
>9, 14/234, d=0.706, g=0.694
>9, 15/234, d=0.700, g=0.698
>9, 16/234, d=0.703, g=0.717
>9, 17/234, d=0.703, g=0.729
>9, 18/234, d=0.702, g=0.718
>9, 19/234, d=0.704, g=0.715
>9, 20/234, d=0.703, g=0.712
>9, 21/234, d=0.710, g=0.707
>9, 22/234, d=0.701, g=0.714
>9, 23/234, d=0.703, g=0.705
>9, 24/234, d=0.693, g=0.709
>9, 25/234, d=0.697, g=0.715
>9, 26/234, d=0.686, g=0.740
>9, 27/234, d=0.673, g=0.737
>9, 28/234, d=0.669, g=0.752
>9, 29/234, d=0.659, g=0.771
>9, 30/234, d=0.649, g=0.786
>9, 31/234, d=0.648, g=0.798
>9, 32/234, d=0.634, g=0.824
>9, 33/234, d=0.639, g=0.821
>9, 34/234, d=0.641, g=0.823
>9, 35/234, d=0.632, g=0.835
>9, 36/234, d=0.647, g=0.823
>9, 37/234, d=0.652, g=0.838
>9, 38/234, d=0.652, g=0.839
>9, 39/234, d=0.648, g=0.844
>9, 40/234, d=0.663, g=0.816
>9, 41/234, d=0.675, g=0.797
>9, 42/234, d=0.673, g=0.745
>9, 43/234, d=0.687, g=0.715
>9, 44/234, d=0.681, g=0.681
>9, 45/234, d=0.687, g=0.657
>9, 46/234, d=0.677, g=0.643
>9, 47/234, d=0.680, g=0.632
>9, 48/234, d=0.685, g=0.618
>9, 49/234, d=0.699, g=0.611
>9, 50/234, d=0.706, g=0.612
>9, 51/234, d=0.715, g=0.635
>9, 52/234, d=0.703, g=0.674
>9, 53/234, d=0.718, g=0.711
>9, 54/234, d=0.715, g=0.748
>9, 55/234, d=0.712, g=0.752
>9, 56/234, d=0.718, g=0.721
>9, 57/234, d=0.733, g=0.703
>9, 58/234, d=0.745, g=0.673
>9, 59/234, d=0.744, g=0.643
>9, 60/234, d=0.737, g=0.623
>9, 61/234, d=0.745, g=0.612
>9, 62/234, d=0.756, g=0.612
>9, 63/234, d=0.747, g=0.613
>9, 64/234, d=0.740, g=0.632
>9, 65/234, d=0.737, g=0.666
>9, 66/234, d=0.732, g=0.698
>9, 67/234, d=0.715, g=0.751
>9, 68/234, d=0.699, g=0.798
>9, 69/234, d=0.684, g=0.826
>9, 70/234, d=0.661, g=0.856
>9, 71/234, d=0.658, g=0.856
>9, 72/234, d=0.647, g=0.843
>9, 73/234, d=0.646, g=0.830
>9, 74/234, d=0.634, g=0.803
>9, 75/234, d=0.644, g=0.772
>9, 76/234, d=0.638, g=0.750
>9, 77/234, d=0.638, g=0.733
>9, 78/234, d=0.639, g=0.698
>9, 79/234, d=0.649, g=0.693
>9, 80/234, d=0.659, g=0.671
>9, 81/234, d=0.677, g=0.674
>9, 82/234, d=0.684, g=0.683
>9, 83/234, d=0.687, g=0.718
>9, 84/234, d=0.686, g=0.746
>9, 85/234, d=0.674, g=0.806
>9, 86/234, d=0.672, g=0.835
>9, 87/234, d=0.670, g=0.847
>9, 88/234, d=0.684, g=0.827
>9, 89/234, d=0.678, g=0.791
>9, 90/234, d=0.704, g=0.750
>9, 91/234, d=0.707, g=0.712
>9, 92/234, d=0.707, g=0.687
>9, 93/234, d=0.699, g=0.665
>9, 94/234, d=0.692, g=0.651
>9, 95/234, d=0.685, g=0.641
>9, 96/234, d=0.689, g=0.634
>9, 97/234, d=0.682, g=0.627
>9, 98/234, d=0.703, g=0.621
>9, 99/234, d=0.703, g=0.617
>9, 100/234, d=0.703, g=0.637
>9, 101/234, d=0.716, g=0.668
>9, 102/234, d=0.700, g=0.714
>9, 103/234, d=0.696, g=0.751
>9, 104/234, d=0.705, g=0.771
>9, 105/234, d=0.694, g=0.780
>9, 106/234, d=0.700, g=0.764
>9, 107/234, d=0.705, g=0.752
>9, 108/234, d=0.712, g=0.726
>9, 109/234, d=0.707, g=0.703
>9, 110/234, d=0.698, g=0.696
>9, 111/234, d=0.702, g=0.672
>9, 112/234, d=0.700, g=0.671
>9, 113/234, d=0.695, g=0.663
>9, 114/234, d=0.691, g=0.648
>9, 115/234, d=0.683, g=0.656
>9, 116/234, d=0.694, g=0.660
>9, 117/234, d=0.695, g=0.686
>9, 118/234, d=0.692, g=0.698
>9, 119/234, d=0.688, g=0.728
>9, 120/234, d=0.680, g=0.760
>9, 121/234, d=0.679, g=0.782
>9, 122/234, d=0.674, g=0.792
>9, 123/234, d=0.670, g=0.795
>9, 124/234, d=0.668, g=0.813
>9, 125/234, d=0.671, g=0.789
>9, 126/234, d=0.670, g=0.777
>9, 127/234, d=0.671, g=0.753
>9, 128/234, d=0.674, g=0.735
>9, 129/234, d=0.671, g=0.737
>9, 130/234, d=0.675, g=0.710
>9, 131/234, d=0.667, g=0.700
>9, 132/234, d=0.670, g=0.691
>9, 133/234, d=0.670, g=0.702
>9, 134/234, d=0.672, g=0.697
>9, 135/234, d=0.673, g=0.702
>9, 136/234, d=0.669, g=0.703
>9, 137/234, d=0.684, g=0.700
>9, 138/234, d=0.681, g=0.725
>9, 139/234, d=0.688, g=0.716
>9, 140/234, d=0.684, g=0.710
>9, 141/234, d=0.688, g=0.712
>9, 142/234, d=0.691, g=0.706
>9, 143/234, d=0.686, g=0.707
>9, 144/234, d=0.683, g=0.706
>9, 145/234, d=0.691, g=0.693
>9, 146/234, d=0.696, g=0.689
>9, 147/234, d=0.698, g=0.687
>9, 148/234, d=0.698, g=0.688
>9, 149/234, d=0.687, g=0.690
>9, 150/234, d=0.692, g=0.689
>9, 151/234, d=0.685, g=0.690
>9, 152/234, d=0.695, g=0.693
>9, 153/234, d=0.693, g=0.703
>9, 154/234, d=0.696, g=0.703
>9, 155/234, d=0.688, g=0.702
>9, 156/234, d=0.696, g=0.707
>9, 157/234, d=0.696, g=0.703
>9, 158/234, d=0.694, g=0.712
>9, 159/234, d=0.689, g=0.722
>9, 160/234, d=0.683, g=0.722
>9, 161/234, d=0.685, g=0.724
>9, 162/234, d=0.685, g=0.725
>9, 163/234, d=0.682, g=0.713
>9, 164/234, d=0.696, g=0.707
>9, 165/234, d=0.683, g=0.713
>9, 166/234, d=0.689, g=0.706
>9, 167/234, d=0.693, g=0.705
>9, 168/234, d=0.687, g=0.703
>9, 169/234, d=0.692, g=0.708
>9, 170/234, d=0.685, g=0.712
>9, 171/234, d=0.689, g=0.706
>9, 172/234, d=0.682, g=0.709
>9, 173/234, d=0.682, g=0.710
>9, 174/234, d=0.682, g=0.712
>9, 175/234, d=0.686, g=0.715
>9, 176/234, d=0.681, g=0.715
>9, 177/234, d=0.687, g=0.716
>9, 178/234, d=0.682, g=0.715
>9, 179/234, d=0.688, g=0.711
>9, 180/234, d=0.687, g=0.725
>9, 181/234, d=0.680, g=0.729
>9, 182/234, d=0.672, g=0.734
>9, 183/234, d=0.675, g=0.735
>9, 184/234, d=0.669, g=0.740
>9, 185/234, d=0.670, g=0.738
>9, 186/234, d=0.664, g=0.750
>9, 187/234, d=0.677, g=0.729
>9, 188/234, d=0.674, g=0.728
>9, 189/234, d=0.668, g=0.723
>9, 190/234, d=0.669, g=0.732
>9, 191/234, d=0.668, g=0.719
>9, 192/234, d=0.658, g=0.732
>9, 193/234, d=0.665, g=0.728
>9, 194/234, d=0.670, g=0.727
>9, 195/234, d=0.665, g=0.736
>9, 196/234, d=0.669, g=0.743
>9, 197/234, d=0.684, g=0.735
>9, 198/234, d=0.673, g=0.727
>9, 199/234, d=0.680, g=0.726
>9, 200/234, d=0.681, g=0.711
>9, 201/234, d=0.681, g=0.718
>9, 202/234, d=0.686, g=0.708
>9, 203/234, d=0.703, g=0.707
>9, 204/234, d=0.690, g=0.698
>9, 205/234, d=0.696, g=0.703
>9, 206/234, d=0.702, g=0.702
>9, 207/234, d=0.687, g=0.686
>9, 208/234, d=0.695, g=0.695
>9, 209/234, d=0.693, g=0.702
>9, 210/234, d=0.689, g=0.698
>9, 211/234, d=0.694, g=0.698
>9, 212/234, d=0.697, g=0.696
>9, 213/234, d=0.689, g=0.700
>9, 214/234, d=0.695, g=0.691
>9, 215/234, d=0.697, g=0.703
>9, 216/234, d=0.709, g=0.711
>9, 217/234, d=0.698, g=0.711
>9, 218/234, d=0.689, g=0.715
>9, 219/234, d=0.692, g=0.724
>9, 220/234, d=0.702, g=0.724
>9, 221/234, d=0.710, g=0.721
>9, 222/234, d=0.699, g=0.712
>9, 223/234, d=0.691, g=0.714
>9, 224/234, d=0.694, g=0.699
>9, 225/234, d=0.694, g=0.698
>9, 226/234, d=0.695, g=0.689
>9, 227/234, d=0.704, g=0.700
>9, 228/234, d=0.698, g=0.705
>9, 229/234, d=0.700, g=0.697
>9, 230/234, d=0.697, g=0.702
>9, 231/234, d=0.700, g=0.709
>9, 232/234, d=0.697, g=0.727
>9, 233/234, d=0.696, g=0.721
>9, 234/234, d=0.691, g=0.722
>10, 1/234, d=0.694, g=0.706
>10, 2/234, d=0.687, g=0.706
>10, 3/234, d=0.699, g=0.700
>10, 4/234, d=0.687, g=0.698
>10, 5/234, d=0.690, g=0.704
>10, 6/234, d=0.689, g=0.704
>10, 7/234, d=0.693, g=0.722
>10, 8/234, d=0.683, g=0.729
>10, 9/234, d=0.681, g=0.742
>10, 10/234, d=0.686, g=0.746
>10, 11/234, d=0.671, g=0.745
>10, 12/234, d=0.683, g=0.754
>10, 13/234, d=0.679, g=0.764
>10, 14/234, d=0.685, g=0.757
>10, 15/234, d=0.677, g=0.754
>10, 16/234, d=0.688, g=0.751
>10, 17/234, d=0.676, g=0.740
>10, 18/234, d=0.680, g=0.730
>10, 19/234, d=0.680, g=0.715
>10, 20/234, d=0.671, g=0.709
>10, 21/234, d=0.679, g=0.710
>10, 22/234, d=0.682, g=0.711
>10, 23/234, d=0.679, g=0.702
>10, 24/234, d=0.675, g=0.724
>10, 25/234, d=0.681, g=0.726
>10, 26/234, d=0.682, g=0.728
>10, 27/234, d=0.678, g=0.734
>10, 28/234, d=0.677, g=0.730
>10, 29/234, d=0.676, g=0.734
>10, 30/234, d=0.679, g=0.728
>10, 31/234, d=0.675, g=0.730
>10, 32/234, d=0.680, g=0.719
>10, 33/234, d=0.682, g=0.721
>10, 34/234, d=0.671, g=0.711
>10, 35/234, d=0.686, g=0.697
>10, 36/234, d=0.680, g=0.704
>10, 37/234, d=0.681, g=0.700
>10, 38/234, d=0.679, g=0.701
>10, 39/234, d=0.689, g=0.688
>10, 40/234, d=0.698, g=0.688
>10, 41/234, d=0.690, g=0.687
>10, 42/234, d=0.701, g=0.687
>10, 43/234, d=0.706, g=0.691
>10, 44/234, d=0.699, g=0.687
>10, 45/234, d=0.695, g=0.693
>10, 46/234, d=0.692, g=0.687
>10, 47/234, d=0.695, g=0.682
>10, 48/234, d=0.695, g=0.689
>10, 49/234, d=0.696, g=0.697
>10, 50/234, d=0.707, g=0.693
>10, 51/234, d=0.691, g=0.694
>10, 52/234, d=0.700, g=0.693
>10, 53/234, d=0.706, g=0.686
>10, 54/234, d=0.693, g=0.697
>10, 55/234, d=0.694, g=0.695
>10, 56/234, d=0.689, g=0.700
>10, 57/234, d=0.694, g=0.711
>10, 58/234, d=0.686, g=0.723
>10, 59/234, d=0.682, g=0.722
>10, 60/234, d=0.690, g=0.722
>10, 61/234, d=0.689, g=0.725
>10, 62/234, d=0.685, g=0.725
>10, 63/234, d=0.681, g=0.720
>10, 64/234, d=0.680, g=0.719
>10, 65/234, d=0.684, g=0.723
>10, 66/234, d=0.680, g=0.723
>10, 67/234, d=0.673, g=0.716
>10, 68/234, d=0.676, g=0.712
>10, 69/234, d=0.675, g=0.713
>10, 70/234, d=0.674, g=0.715
>10, 71/234, d=0.674, g=0.722
>10, 72/234, d=0.682, g=0.710
>10, 73/234, d=0.671, g=0.726
>10, 74/234, d=0.676, g=0.737
>10, 75/234, d=0.667, g=0.719
>10, 76/234, d=0.682, g=0.726
>10, 77/234, d=0.678, g=0.725
>10, 78/234, d=0.679, g=0.725
>10, 79/234, d=0.693, g=0.734
>10, 80/234, d=0.687, g=0.722
>10, 81/234, d=0.682, g=0.709
>10, 82/234, d=0.692, g=0.706
>10, 83/234, d=0.684, g=0.699
>10, 84/234, d=0.685, g=0.686
>10, 85/234, d=0.691, g=0.689
>10, 86/234, d=0.698, g=0.692
>10, 87/234, d=0.696, g=0.686
>10, 88/234, d=0.699, g=0.693
>10, 89/234, d=0.699, g=0.701
>10, 90/234, d=0.708, g=0.709
>10, 91/234, d=0.690, g=0.699
>10, 92/234, d=0.699, g=0.699
>10, 93/234, d=0.693, g=0.706
>10, 94/234, d=0.692, g=0.702
>10, 95/234, d=0.696, g=0.700
>10, 96/234, d=0.707, g=0.691
>10, 97/234, d=0.692, g=0.690
>10, 98/234, d=0.693, g=0.696
>10, 99/234, d=0.702, g=0.690
>10, 100/234, d=0.701, g=0.697
>10, 101/234, d=0.702, g=0.695
>10, 102/234, d=0.701, g=0.691
>10, 103/234, d=0.700, g=0.694
>10, 104/234, d=0.705, g=0.694
>10, 105/234, d=0.691, g=0.694
>10, 106/234, d=0.696, g=0.699
>10, 107/234, d=0.693, g=0.712
>10, 108/234, d=0.694, g=0.719
>10, 109/234, d=0.690, g=0.715
>10, 110/234, d=0.694, g=0.720
>10, 111/234, d=0.689, g=0.724
>10, 112/234, d=0.687, g=0.717
>10, 113/234, d=0.687, g=0.718
>10, 114/234, d=0.684, g=0.732
>10, 115/234, d=0.683, g=0.723
>10, 116/234, d=0.683, g=0.737
>10, 117/234, d=0.677, g=0.738
>10, 118/234, d=0.676, g=0.738
>10, 119/234, d=0.683, g=0.742
>10, 120/234, d=0.675, g=0.733
>10, 121/234, d=0.674, g=0.735
>10, 122/234, d=0.678, g=0.730
>10, 123/234, d=0.680, g=0.722
>10, 124/234, d=0.682, g=0.724
>10, 125/234, d=0.675, g=0.711
>10, 126/234, d=0.675, g=0.711
>10, 127/234, d=0.684, g=0.707
>10, 128/234, d=0.687, g=0.696
>10, 129/234, d=0.681, g=0.699
>10, 130/234, d=0.694, g=0.701
>10, 131/234, d=0.689, g=0.695
>10, 132/234, d=0.688, g=0.708
>10, 133/234, d=0.694, g=0.707
>10, 134/234, d=0.695, g=0.704
>10, 135/234, d=0.685, g=0.705
>10, 136/234, d=0.687, g=0.708
>10, 137/234, d=0.693, g=0.701
>10, 138/234, d=0.698, g=0.691
>10, 139/234, d=0.697, g=0.692
>10, 140/234, d=0.699, g=0.686
>10, 141/234, d=0.693, g=0.683
>10, 142/234, d=0.700, g=0.681
>10, 143/234, d=0.705, g=0.678
>10, 144/234, d=0.702, g=0.675
>10, 145/234, d=0.694, g=0.672
>10, 146/234, d=0.695, g=0.677
>10, 147/234, d=0.697, g=0.683
>10, 148/234, d=0.691, g=0.686
>10, 149/234, d=0.685, g=0.700
>10, 150/234, d=0.696, g=0.703
>10, 151/234, d=0.687, g=0.707
>10, 152/234, d=0.680, g=0.716
>10, 153/234, d=0.701, g=0.710
>10, 154/234, d=0.686, g=0.693
>10, 155/234, d=0.697, g=0.692
>10, 156/234, d=0.691, g=0.684
>10, 157/234, d=0.693, g=0.681
>10, 158/234, d=0.686, g=0.683
>10, 159/234, d=0.687, g=0.688
>10, 160/234, d=0.692, g=0.684
>10, 161/234, d=0.695, g=0.686
>10, 162/234, d=0.694, g=0.684
>10, 163/234, d=0.688, g=0.697
>10, 164/234, d=0.692, g=0.707
>10, 165/234, d=0.692, g=0.715
>10, 166/234, d=0.688, g=0.714
>10, 167/234, d=0.692, g=0.714
>10, 168/234, d=0.685, g=0.701
>10, 169/234, d=0.683, g=0.705
>10, 170/234, d=0.684, g=0.694
>10, 171/234, d=0.684, g=0.686
>10, 172/234, d=0.693, g=0.694
>10, 173/234, d=0.686, g=0.691
>10, 174/234, d=0.695, g=0.681
>10, 175/234, d=0.689, g=0.686
>10, 176/234, d=0.687, g=0.692
>10, 177/234, d=0.694, g=0.704
>10, 178/234, d=0.688, g=0.707
>10, 179/234, d=0.687, g=0.715
>10, 180/234, d=0.693, g=0.710
>10, 181/234, d=0.686, g=0.709
>10, 182/234, d=0.694, g=0.700
>10, 183/234, d=0.694, g=0.698
>10, 184/234, d=0.690, g=0.696
>10, 185/234, d=0.699, g=0.693
>10, 186/234, d=0.691, g=0.686
>10, 187/234, d=0.693, g=0.685
>10, 188/234, d=0.690, g=0.695
>10, 189/234, d=0.690, g=0.699
>10, 190/234, d=0.691, g=0.709
>10, 191/234, d=0.690, g=0.718
>10, 192/234, d=0.685, g=0.707
>10, 193/234, d=0.683, g=0.724
>10, 194/234, d=0.692, g=0.711
>10, 195/234, d=0.690, g=0.722
>10, 196/234, d=0.688, g=0.699
>10, 197/234, d=0.689, g=0.701
>10, 198/234, d=0.688, g=0.700
>10, 199/234, d=0.692, g=0.695
>10, 200/234, d=0.691, g=0.692
>10, 201/234, d=0.697, g=0.693
>10, 202/234, d=0.683, g=0.711
>10, 203/234, d=0.691, g=0.712
>10, 204/234, d=0.680, g=0.710
>10, 205/234, d=0.688, g=0.714
>10, 206/234, d=0.691, g=0.707
>10, 207/234, d=0.688, g=0.712
>10, 208/234, d=0.680, g=0.706
>10, 209/234, d=0.693, g=0.714
>10, 210/234, d=0.683, g=0.717
>10, 211/234, d=0.685, g=0.702
>10, 212/234, d=0.686, g=0.705
>10, 213/234, d=0.686, g=0.710
>10, 214/234, d=0.690, g=0.713
>10, 215/234, d=0.694, g=0.707
>10, 216/234, d=0.682, g=0.720
>10, 217/234, d=0.686, g=0.725
>10, 218/234, d=0.685, g=0.722
>10, 219/234, d=0.678, g=0.715
>10, 220/234, d=0.688, g=0.723
>10, 221/234, d=0.685, g=0.725
>10, 222/234, d=0.680, g=0.724
>10, 223/234, d=0.678, g=0.721
>10, 224/234, d=0.681, g=0.712
>10, 225/234, d=0.690, g=0.716
>10, 226/234, d=0.680, g=0.700
>10, 227/234, d=0.684, g=0.709
>10, 228/234, d=0.679, g=0.700
>10, 229/234, d=0.676, g=0.707
>10, 230/234, d=0.681, g=0.708
>10, 231/234, d=0.684, g=0.722
>10, 232/234, d=0.683, g=0.716
>10, 233/234, d=0.692, g=0.724
>10, 234/234, d=0.677, g=0.728
>Accuracy real: 47%, fake: 84%
Traceback (most recent call last):
  File "mnist.py", line 180, in <module>
    train(g_model, d_model, gan_model, dataset, latent_dim)
  File "mnist.py", line 167, in train
    summarize_performance(i, g_model, d_model, dataset, latent_dim)
  File "mnist.py", line 139, in summarize_performance
    g_model.save(filename)
  File "/home/hlwn009u1/.conda/envs/tmpEnv0/lib/python3.7/site-packages/keras/engine/network.py", line 1090, in save
    save_model(self, filepath, overwrite, include_optimizer)
  File "/home/hlwn009u1/.conda/envs/tmpEnv0/lib/python3.7/site-packages/keras/engine/saving.py", line 379, in save_model
    f = h5dict(filepath, mode='w')
  File "/home/hlwn009u1/.conda/envs/tmpEnv0/lib/python3.7/site-packages/keras/utils/io_utils.py", line 186, in __init__
    self.data = h5py.File(path, mode=mode)
  File "/home/hlwn009u1/.conda/envs/tmpEnv0/lib/python3.7/site-packages/h5py/_hl/files.py", line 394, in __init__
    swmr=swmr)
  File "/home/hlwn009u1/.conda/envs/tmpEnv0/lib/python3.7/site-packages/h5py/_hl/files.py", line 176, in make_fid
    fid = h5f.create(name, h5f.ACC_TRUNC, fapl=fapl, fcpl=fcpl)
  File "h5py/_objects.pyx", line 54, in h5py._objects.with_phil.wrapper
  File "h5py/_objects.pyx", line 55, in h5py._objects.with_phil.wrapper
  File "h5py/h5f.pyx", line 105, in h5py.h5f.create
OSError: Unable to create file (file locking disabled on this file system (use HDF5_USE_FILE_LOCKING environment variable to override), errno = 38, error message = 'Function not implemented')
